<?xml version="1.0" encoding="UTF-8"?>
<coverage generated="1516280193878" clover="3.2.0">
  <project timestamp="1516280193878" name="All files">
    <metrics statements="331" coveredstatements="331" conditionals="103" coveredconditionals="103" methods="56" coveredmethods="56" elements="490" coveredelements="490" complexity="0" loc="331" ncloc="331" packages="4" files="16" classes="16">
      <package name="co-koa-core">
        <metrics statements="32" coveredstatements="32" conditionals="4" coveredconditionals="4" methods="1" coveredmethods="1"/>
        <file name="index.js" path="/home/jay/codeBase/node/co-koa-core/index.js">
          <metrics statements="32" coveredstatements="32" conditionals="4" coveredconditionals="4" methods="1" coveredmethods="1"/>
          <line num="3" count="1" type="stmt"/>
          <line num="4" count="1" type="stmt"/>
          <line num="5" count="1" type="stmt"/>
          <line num="6" count="1" type="stmt"/>
          <line num="7" count="1" type="stmt"/>
          <line num="9" count="1" type="stmt"/>
          <line num="19" count="1" type="stmt"/>
          <line num="20" count="1" type="stmt"/>
          <line num="21" count="1" type="stmt"/>
          <line num="22" count="1" type="stmt"/>
          <line num="23" count="1" type="stmt"/>
          <line num="24" count="1" type="stmt"/>
          <line num="25" count="1" type="stmt"/>
          <line num="27" count="1" type="stmt"/>
          <line num="29" count="10" type="cond" truecount="2" falsecount="0"/>
          <line num="30" count="10" type="stmt"/>
          <line num="31" count="10" type="stmt"/>
          <line num="33" count="10" type="stmt"/>
          <line num="35" count="8" type="stmt"/>
          <line num="36" count="8" type="stmt"/>
          <line num="37" count="8" type="stmt"/>
          <line num="38" count="8" type="stmt"/>
          <line num="43" count="8" type="stmt"/>
          <line num="48" count="8" type="cond" truecount="2" falsecount="0"/>
          <line num="49" count="1" type="stmt"/>
          <line num="54" count="8" type="stmt"/>
          <line num="55" count="8" type="stmt"/>
          <line num="56" count="8" type="stmt"/>
          <line num="61" count="8" type="stmt"/>
          <line num="66" count="8" type="stmt"/>
          <line num="68" count="8" type="stmt"/>
          <line num="69" count="8" type="stmt"/>
        </file>
      </package>
      <package name="co-koa-core.lib">
        <metrics statements="121" coveredstatements="121" conditionals="35" coveredconditionals="35" methods="19" coveredmethods="19"/>
        <file name="Builder.js" path="/home/jay/codeBase/node/co-koa-core/lib/Builder.js">
          <metrics statements="18" coveredstatements="18" conditionals="2" coveredconditionals="2" methods="2" coveredmethods="2"/>
          <line num="3" count="1" type="stmt"/>
          <line num="4" count="1" type="stmt"/>
          <line num="5" count="1" type="stmt"/>
          <line num="6" count="1" type="stmt"/>
          <line num="8" count="1" type="stmt"/>
          <line num="11" count="2" type="stmt"/>
          <line num="15" count="2" type="stmt"/>
          <line num="17" count="2" type="stmt"/>
          <line num="18" count="2" type="stmt"/>
          <line num="19" count="2" type="stmt"/>
          <line num="20" count="2" type="stmt"/>
          <line num="21" count="2" type="cond" truecount="2" falsecount="0"/>
          <line num="22" count="1" type="stmt"/>
          <line num="24" count="1" type="stmt"/>
          <line num="28" count="1" type="stmt"/>
          <line num="31" count="1" type="stmt"/>
          <line num="33" count="1" type="stmt"/>
          <line num="38" count="2" type="stmt"/>
        </file>
        <file name="ClientConfig.js" path="/home/jay/codeBase/node/co-koa-core/lib/ClientConfig.js">
          <metrics statements="2" coveredstatements="2" conditionals="0" coveredconditionals="0" methods="0" coveredmethods="0"/>
          <line num="3" count="2" type="stmt"/>
          <line num="5" count="2" type="stmt"/>
        </file>
        <file name="ClientConfigFactory.js" path="/home/jay/codeBase/node/co-koa-core/lib/ClientConfigFactory.js">
          <metrics statements="15" coveredstatements="15" conditionals="6" coveredconditionals="6" methods="2" coveredmethods="2"/>
          <line num="3" count="2" type="stmt"/>
          <line num="5" count="2" type="stmt"/>
          <line num="7" count="2" type="stmt"/>
          <line num="9" count="3" type="stmt"/>
          <line num="10" count="3" type="stmt"/>
          <line num="12" count="3" type="stmt"/>
          <line num="13" count="6" type="stmt"/>
          <line num="14" count="5" type="cond" truecount="2" falsecount="0"/>
          <line num="15" count="3" type="stmt"/>
          <line num="16" count="3" type="cond" truecount="2" falsecount="0"/>
          <line num="17" count="2" type="stmt"/>
          <line num="28" count="1" type="stmt"/>
          <line num="30" count="1" type="stmt"/>
          <line num="33" count="2" type="stmt"/>
          <line num="42" count="3" type="stmt"/>
        </file>
        <file name="ControllerFactory.js" path="/home/jay/codeBase/node/co-koa-core/lib/ControllerFactory.js">
          <metrics statements="17" coveredstatements="17" conditionals="4" coveredconditionals="4" methods="4" coveredmethods="4"/>
          <line num="1" count="1" type="stmt"/>
          <line num="2" count="1" type="stmt"/>
          <line num="3" count="1" type="stmt"/>
          <line num="5" count="1" type="stmt"/>
          <line num="7" count="1" type="stmt"/>
          <line num="11" count="1" type="stmt"/>
          <line num="12" count="1" type="stmt"/>
          <line num="14" count="3" type="stmt"/>
          <line num="15" count="3" type="stmt"/>
          <line num="18" count="3" type="stmt"/>
          <line num="19" count="3" type="stmt"/>
          <line num="20" count="3" type="cond" truecount="2" falsecount="0"/>
          <line num="21" count="2" type="cond" truecount="2" falsecount="0"/>
          <line num="22" count="2" type="stmt"/>
          <line num="24" count="1" type="stmt"/>
          <line num="26" count="1" type="stmt"/>
          <line num="34" count="1" type="stmt"/>
        </file>
        <file name="DependencyManager.js" path="/home/jay/codeBase/node/co-koa-core/lib/DependencyManager.js">
          <metrics statements="15" coveredstatements="15" conditionals="8" coveredconditionals="8" methods="2" coveredmethods="2"/>
          <line num="3" count="1" type="stmt"/>
          <line num="5" count="1" type="stmt"/>
          <line num="7" count="1" type="stmt"/>
          <line num="9" count="5" type="stmt"/>
          <line num="11" count="5" type="stmt"/>
          <line num="12" count="5" type="stmt"/>
          <line num="13" count="5" type="cond" truecount="2" falsecount="0"/>
          <line num="14" count="3" type="cond" truecount="2" falsecount="0"/>
          <line num="16" count="2" type="stmt"/>
          <line num="17" count="2" type="cond" truecount="4" falsecount="0"/>
          <line num="18" count="1" type="stmt"/>
          <line num="20" count="2" type="stmt"/>
          <line num="21" count="2" type="stmt"/>
          <line num="25" count="5" type="stmt"/>
          <line num="29" count="5" type="stmt"/>
        </file>
        <file name="ModelFactory.js" path="/home/jay/codeBase/node/co-koa-core/lib/ModelFactory.js">
          <metrics statements="28" coveredstatements="28" conditionals="6" coveredconditionals="6" methods="5" coveredmethods="5"/>
          <line num="3" count="1" type="stmt"/>
          <line num="4" count="1" type="stmt"/>
          <line num="5" count="1" type="stmt"/>
          <line num="7" count="1" type="stmt"/>
          <line num="8" count="1" type="stmt"/>
          <line num="9" count="1" type="stmt"/>
          <line num="11" count="1" type="stmt"/>
          <line num="13" count="1" type="stmt"/>
          <line num="14" count="1" type="stmt"/>
          <line num="17" count="1" type="stmt"/>
          <line num="18" count="1" type="stmt"/>
          <line num="20" count="1" type="stmt"/>
          <line num="21" count="1" type="stmt"/>
          <line num="22" count="3" type="stmt"/>
          <line num="23" count="3" type="cond" truecount="2" falsecount="0"/>
          <line num="24" count="2" type="stmt"/>
          <line num="25" count="2" type="cond" truecount="2" falsecount="0"/>
          <line num="26" count="2" type="cond" truecount="2" falsecount="0"/>
          <line num="27" count="2" type="stmt"/>
          <line num="28" count="2" type="stmt"/>
          <line num="29" count="2" type="stmt"/>
          <line num="30" count="4" type="stmt"/>
          <line num="32" count="1" type="stmt"/>
          <line num="36" count="1" type="stmt"/>
          <line num="37" count="1" type="stmt"/>
          <line num="38" count="1" type="stmt"/>
          <line num="39" count="1" type="stmt"/>
          <line num="44" count="1" type="stmt"/>
        </file>
        <file name="PluginManager.js" path="/home/jay/codeBase/node/co-koa-core/lib/PluginManager.js">
          <metrics statements="16" coveredstatements="16" conditionals="4" coveredconditionals="4" methods="2" coveredmethods="2"/>
          <line num="1" count="1" type="stmt"/>
          <line num="2" count="1" type="stmt"/>
          <line num="4" count="1" type="stmt"/>
          <line num="6" count="3" type="stmt"/>
          <line num="10" count="3" type="stmt"/>
          <line num="12" count="3" type="stmt"/>
          <line num="13" count="3" type="stmt"/>
          <line num="14" count="3" type="cond" truecount="2" falsecount="0"/>
          <line num="15" count="2" type="cond" truecount="2" falsecount="0"/>
          <line num="16" count="1" type="stmt"/>
          <line num="17" count="1" type="stmt"/>
          <line num="18" count="1" type="stmt"/>
          <line num="19" count="1" type="stmt"/>
          <line num="21" count="2" type="stmt"/>
          <line num="22" count="2" type="stmt"/>
          <line num="25" count="3" type="stmt"/>
        </file>
        <file name="WelcomeMessage.js" path="/home/jay/codeBase/node/co-koa-core/lib/WelcomeMessage.js">
          <metrics statements="10" coveredstatements="10" conditionals="5" coveredconditionals="5" methods="2" coveredmethods="2"/>
          <line num="3" count="1" type="stmt"/>
          <line num="4" count="1" type="stmt"/>
          <line num="6" count="1" type="stmt"/>
          <line num="8" count="5" type="cond" truecount="1" falsecount="0"/>
          <line num="9" count="5" type="cond" truecount="4" falsecount="0"/>
          <line num="10" count="3" type="stmt"/>
          <line num="11" count="3" type="stmt"/>
          <line num="15" count="1" type="stmt"/>
          <line num="18" count="5" type="stmt"/>
          <line num="23" count="5" type="stmt"/>
        </file>
      </package>
      <package name="co-koa-core.lib.helpers">
        <metrics statements="119" coveredstatements="119" conditionals="42" coveredconditionals="42" methods="26" coveredmethods="26"/>
        <file name="BuilderHelper.js" path="/home/jay/codeBase/node/co-koa-core/lib/helpers/BuilderHelper.js">
          <metrics statements="18" coveredstatements="18" conditionals="8" coveredconditionals="8" methods="5" coveredmethods="5"/>
          <line num="3" count="2" type="stmt"/>
          <line num="5" count="2" type="stmt"/>
          <line num="7" count="5" type="stmt"/>
          <line num="9" count="3" type="stmt"/>
          <line num="10" count="5" type="cond" truecount="2" falsecount="0"/>
          <line num="11" count="4" type="stmt"/>
          <line num="12" count="4" type="stmt"/>
          <line num="13" count="6" type="stmt"/>
          <line num="14" count="6" type="stmt"/>
          <line num="15" count="6" type="cond" truecount="4" falsecount="0"/>
          <line num="16" count="4" type="stmt"/>
          <line num="17" count="4" type="stmt"/>
          <line num="18" count="4" type="stmt"/>
          <line num="20" count="2" type="stmt"/>
          <line num="26" count="3" type="stmt"/>
          <line num="27" count="5" type="cond" truecount="2" falsecount="0"/>
          <line num="28" count="5" type="stmt"/>
          <line num="33" count="3" type="stmt"/>
        </file>
        <file name="ClientConfigFactoryHelper.js" path="/home/jay/codeBase/node/co-koa-core/lib/helpers/ClientConfigFactoryHelper.js">
          <metrics statements="25" coveredstatements="25" conditionals="6" coveredconditionals="6" methods="3" coveredmethods="3"/>
          <line num="3" count="2" type="stmt"/>
          <line num="4" count="2" type="stmt"/>
          <line num="5" count="2" type="stmt"/>
          <line num="6" count="2" type="stmt"/>
          <line num="8" count="2" type="stmt"/>
          <line num="10" count="4" type="stmt"/>
          <line num="12" count="4" type="stmt"/>
          <line num="13" count="4" type="stmt"/>
          <line num="14" count="4" type="cond" truecount="2" falsecount="0"/>
          <line num="18" count="4" type="stmt"/>
          <line num="19" count="4" type="stmt"/>
          <line num="21" count="4" type="stmt"/>
          <line num="22" count="9" type="stmt"/>
          <line num="23" count="9" type="stmt"/>
          <line num="24" count="9" type="cond" truecount="2" falsecount="0"/>
          <line num="25" count="7" type="stmt"/>
          <line num="26" count="7" type="stmt"/>
          <line num="27" count="2" type="stmt"/>
          <line num="30" count="4" type="stmt"/>
          <line num="32" count="7" type="stmt"/>
          <line num="37" count="4" type="stmt"/>
          <line num="38" count="4" type="cond" truecount="2" falsecount="0"/>
          <line num="39" count="1" type="stmt"/>
          <line num="42" count="2" type="stmt"/>
          <line num="50" count="4" type="stmt"/>
        </file>
        <file name="DependencyManagerHelper.js" path="/home/jay/codeBase/node/co-koa-core/lib/helpers/DependencyManagerHelper.js">
          <metrics statements="37" coveredstatements="37" conditionals="13" coveredconditionals="13" methods="6" coveredmethods="6"/>
          <line num="3" count="1" type="stmt"/>
          <line num="4" count="1" type="stmt"/>
          <line num="5" count="1" type="stmt"/>
          <line num="7" count="1" type="stmt"/>
          <line num="8" count="1" type="stmt"/>
          <line num="9" count="1" type="stmt"/>
          <line num="11" count="1" type="stmt"/>
          <line num="17" count="2" type="stmt"/>
          <line num="20" count="1" type="stmt"/>
          <line num="21" count="1" type="stmt"/>
          <line num="23" count="1" type="stmt"/>
          <line num="24" count="1" type="stmt"/>
          <line num="26" count="1" type="stmt"/>
          <line num="27" count="2" type="cond" truecount="2" falsecount="0"/>
          <line num="28" count="1" type="stmt"/>
          <line num="29" count="1" type="stmt"/>
          <line num="33" count="1" type="stmt"/>
          <line num="34" count="4" type="cond" truecount="3" falsecount="0"/>
          <line num="36" count="2" type="stmt"/>
          <line num="37" count="2" type="stmt"/>
          <line num="39" count="1" type="stmt"/>
          <line num="40" count="1" type="stmt"/>
          <line num="42" count="1" type="stmt"/>
          <line num="46" count="1" type="stmt"/>
          <line num="47" count="8" type="cond" truecount="5" falsecount="0"/>
          <line num="49" count="1" type="stmt"/>
          <line num="51" count="4" type="stmt"/>
          <line num="53" count="1" type="stmt"/>
          <line num="55" count="1" type="stmt"/>
          <line num="57" count="1" type="stmt"/>
          <line num="61" count="1" type="stmt"/>
          <line num="62" count="4" type="stmt"/>
          <line num="63" count="4" type="stmt"/>
          <line num="64" count="1" type="stmt"/>
          <line num="67" count="1" type="stmt"/>
          <line num="68" count="3" type="cond" truecount="2" falsecount="0"/>
          <line num="75" count="2" type="stmt"/>
        </file>
        <file name="ModelFactoryHelper.js" path="/home/jay/codeBase/node/co-koa-core/lib/helpers/ModelFactoryHelper.js">
          <metrics statements="39" coveredstatements="39" conditionals="15" coveredconditionals="15" methods="12" coveredmethods="12"/>
          <line num="3" count="1" type="stmt"/>
          <line num="4" count="1" type="stmt"/>
          <line num="6" count="1" type="stmt"/>
          <line num="8" count="1" type="stmt"/>
          <line num="11" count="2" type="stmt"/>
          <line num="12" count="2" type="stmt"/>
          <line num="13" count="2" type="stmt"/>
          <line num="14" count="4" type="cond" truecount="2" falsecount="0"/>
          <line num="15" count="3" type="stmt"/>
          <line num="21" count="4" type="stmt"/>
          <line num="22" count="2" type="stmt"/>
          <line num="23" count="8" type="cond" truecount="4" falsecount="0"/>
          <line num="26" count="4" type="stmt"/>
          <line num="27" count="4" type="stmt"/>
          <line num="29" count="2" type="stmt"/>
          <line num="30" count="2" type="stmt"/>
          <line num="31" count="2" type="stmt"/>
          <line num="33" count="2" type="stmt"/>
          <line num="34" count="2" type="stmt"/>
          <line num="36" count="8" type="stmt"/>
          <line num="40" count="4" type="stmt"/>
          <line num="41" count="2" type="stmt"/>
          <line num="42" count="2" type="stmt"/>
          <line num="44" count="1" type="stmt"/>
          <line num="46" count="2" type="cond" truecount="2" falsecount="0"/>
          <line num="47" count="1" type="stmt"/>
          <line num="48" count="1" type="stmt"/>
          <line num="49" count="1" type="stmt"/>
          <line num="50" count="1" type="stmt"/>
          <line num="51" count="1" type="stmt"/>
          <line num="55" count="4" type="stmt"/>
          <line num="56" count="1" type="stmt"/>
          <line num="57" count="5" type="cond" truecount="4" falsecount="0"/>
          <line num="58" count="4" type="cond" truecount="3" falsecount="0"/>
          <line num="62" count="4" type="stmt"/>
          <line num="63" count="4" type="stmt"/>
          <line num="64" count="6" type="stmt"/>
          <line num="66" count="4" type="stmt"/>
          <line num="74" count="4" type="stmt"/>
        </file>
      </package>
      <package name="co-koa-core.lib.helpers.resources">
        <metrics statements="59" coveredstatements="59" conditionals="22" coveredconditionals="22" methods="10" coveredmethods="10"/>
        <file name="AssetFactory.js" path="/home/jay/codeBase/node/co-koa-core/lib/helpers/resources/AssetFactory.js">
          <metrics statements="16" coveredstatements="16" conditionals="6" coveredconditionals="6" methods="2" coveredmethods="2"/>
          <line num="3" count="2" type="stmt"/>
          <line num="4" count="2" type="stmt"/>
          <line num="6" count="2" type="stmt"/>
          <line num="9" count="4" type="stmt"/>
          <line num="10" count="4" type="stmt"/>
          <line num="11" count="2" type="stmt"/>
          <line num="13" count="4" type="stmt"/>
          <line num="20" count="4" type="stmt"/>
          <line num="21" count="4" type="stmt"/>
          <line num="23" count="4" type="stmt"/>
          <line num="24" count="4" type="stmt"/>
          <line num="25" count="4" type="stmt"/>
          <line num="26" count="3" type="cond" truecount="2" falsecount="0"/>
          <line num="27" count="1" type="stmt"/>
          <line num="30" count="1" type="stmt"/>
          <line num="37" count="4" type="stmt"/>
        </file>
        <file name="AsyncLibrary.js" path="/home/jay/codeBase/node/co-koa-core/lib/helpers/resources/AsyncLibrary.js">
          <metrics statements="9" coveredstatements="9" conditionals="4" coveredconditionals="4" methods="3" coveredmethods="3"/>
          <line num="3" count="1" type="stmt"/>
          <line num="5" count="1" type="stmt"/>
          <line num="9" count="3" type="cond" truecount="4" falsecount="0"/>
          <line num="10" count="2" type="stmt"/>
          <line num="12" count="4" type="stmt"/>
          <line num="17" count="1" type="stmt"/>
          <line num="19" count="2" type="stmt"/>
          <line num="21" count="1" type="stmt"/>
          <line num="26" count="1" type="stmt"/>
        </file>
        <file name="TreeAlgorithm.js" path="/home/jay/codeBase/node/co-koa-core/lib/helpers/resources/TreeAlgorithm.js">
          <metrics statements="34" coveredstatements="34" conditionals="12" coveredconditionals="12" methods="5" coveredmethods="5"/>
          <line num="3" count="3" type="stmt"/>
          <line num="4" count="3" type="stmt"/>
          <line num="6" count="3" type="stmt"/>
          <line num="8" count="2" type="stmt"/>
          <line num="9" count="2" type="stmt"/>
          <line num="12" count="32" type="stmt"/>
          <line num="13" count="32" type="cond" truecount="2" falsecount="0"/>
          <line num="14" count="20" type="stmt"/>
          <line num="15" count="20" type="stmt"/>
          <line num="17" count="12" type="stmt"/>
          <line num="23" count="12" type="stmt"/>
          <line num="28" count="20" type="cond" truecount="2" falsecount="0"/>
          <line num="29" count="10" type="stmt"/>
          <line num="30" count="10" type="stmt"/>
          <line num="32" count="10" type="stmt"/>
          <line num="33" count="10" type="cond" truecount="4" falsecount="0"/>
          <line num="34" count="5" type="stmt"/>
          <line num="35" count="5" type="stmt"/>
          <line num="40" count="2" type="stmt"/>
          <line num="41" count="2" type="stmt"/>
          <line num="42" count="5" type="stmt"/>
          <line num="43" count="5" type="stmt"/>
          <line num="44" count="5" type="stmt"/>
          <line num="45" count="42" type="stmt"/>
          <line num="46" count="42" type="cond" truecount="2" falsecount="0"/>
          <line num="47" count="40" type="stmt"/>
          <line num="48" count="40" type="cond" truecount="2" falsecount="0"/>
          <line num="49" count="32" type="stmt"/>
          <line num="51" count="8" type="stmt"/>
          <line num="52" count="8" type="stmt"/>
          <line num="55" count="2" type="stmt"/>
          <line num="56" count="2" type="stmt"/>
          <line num="59" count="5" type="stmt"/>
          <line num="65" count="3" type="stmt"/>
        </file>
      </package>
    </metrics>
  </project>
</coverage>
