{"/home/jay/codeBase/co-koa-core/src/index.js": {"path":"/home/jay/codeBase/co-koa-core/src/index.js","statementMap":{"0":{"start":{"line":3,"column":12},"end":{"line":3,"column":26}},"1":{"start":{"line":4,"column":19},"end":{"line":4,"column":44}},"2":{"start":{"line":5,"column":15},"end":{"line":5,"column":36}},"3":{"start":{"line":6,"column":16},"end":{"line":6,"column":34}},"4":{"start":{"line":7,"column":14},"end":{"line":7,"column":30}},"5":{"start":{"line":9,"column":2},"end":{"line":17,"column":21}},"6":{"start":{"line":19,"column":26},"end":{"line":19,"column":60}},"7":{"start":{"line":20,"column":26},"end":{"line":20,"column":60}},"8":{"start":{"line":21,"column":28},"end":{"line":21,"column":64}},"9":{"start":{"line":22,"column":26},"end":{"line":22,"column":60}},"10":{"start":{"line":23,"column":22},"end":{"line":23,"column":52}},"11":{"start":{"line":24,"column":23},"end":{"line":24,"column":54}},"12":{"start":{"line":26,"column":0},"end":{"line":70,"column":3}},"13":{"start":{"line":28,"column":24},"end":{"line":28,"column":60}},"14":{"start":{"line":29,"column":23},"end":{"line":29,"column":59}},"15":{"start":{"line":30,"column":17},"end":{"line":30,"column":61}},"16":{"start":{"line":32,"column":4},"end":{"line":68,"column":6}},"17":{"start":{"line":33,"column":18},"end":{"line":33,"column":45}},"18":{"start":{"line":34,"column":21},"end":{"line":34,"column":33}},"19":{"start":{"line":35,"column":6},"end":{"line":35,"column":30}},"20":{"start":{"line":36,"column":6},"end":{"line":36,"column":38}},"21":{"start":{"line":37,"column":16},"end":{"line":37,"column":48}},"22":{"start":{"line":42,"column":6},"end":{"line":44,"column":7}},"23":{"start":{"line":43,"column":8},"end":{"line":43,"column":58}},"24":{"start":{"line":48,"column":6},"end":{"line":48,"column":43}},"25":{"start":{"line":49,"column":20},"end":{"line":49,"column":38}},"26":{"start":{"line":50,"column":6},"end":{"line":50,"column":66}},"27":{"start":{"line":50,"column":42},"end":{"line":50,"column":62}},"28":{"start":{"line":54,"column":6},"end":{"line":54,"column":47}},"29":{"start":{"line":59,"column":24},"end":{"line":59,"column":59}},"30":{"start":{"line":60,"column":6},"end":{"line":60,"column":24}},"31":{"start":{"line":62,"column":6},"end":{"line":62,"column":60}},"32":{"start":{"line":63,"column":6},"end":{"line":67,"column":8}}},"fnMap":{"0":{"name":"(anonymous_0)","decl":{"start":{"line":32,"column":18},"end":{"line":32,"column":19}},"loc":{"start":{"line":32,"column":40},"end":{"line":68,"column":5}},"line":32},"1":{"name":"(anonymous_1)","decl":{"start":{"line":50,"column":33},"end":{"line":50,"column":34}},"loc":{"start":{"line":50,"column":40},"end":{"line":50,"column":64}},"line":50}},"branchMap":{"0":{"loc":{"start":{"line":28,"column":24},"end":{"line":28,"column":60}},"type":"binary-expr","locations":[{"start":{"line":28,"column":24},"end":{"line":28,"column":43}},{"start":{"line":28,"column":47},"end":{"line":28,"column":60}}],"line":28},"1":{"loc":{"start":{"line":42,"column":6},"end":{"line":44,"column":7}},"type":"if","locations":[{"start":{"line":42,"column":6},"end":{"line":44,"column":7}},{"start":{"line":42,"column":6},"end":{"line":44,"column":7}}],"line":42}},"s":{"0":1,"1":1,"2":1,"3":1,"4":1,"5":1,"6":1,"7":1,"8":1,"9":1,"10":1,"11":1,"12":1,"13":9,"14":9,"15":9,"16":9,"17":7,"18":7,"19":7,"20":7,"21":7,"22":7,"23":1,"24":7,"25":7,"26":7,"27":7,"28":7,"29":7,"30":7,"31":7,"32":7},"f":{"0":7,"1":7},"b":{"0":[9,1],"1":[1,6]},"_coverageSchema":"332fd63041d2c1bcb487cc26dd0d5f7d97098a6c","hash":"4e7df6ad0845eec8392e93efc0e0449818063d44"}
,"/home/jay/codeBase/co-koa-core/src/lib/Builder.js": {"path":"/home/jay/codeBase/co-koa-core/src/lib/Builder.js","statementMap":{"0":{"start":{"line":3,"column":22},"end":{"line":3,"column":59}},"1":{"start":{"line":4,"column":20},"end":{"line":4,"column":43}},"2":{"start":{"line":5,"column":11},"end":{"line":5,"column":24}},"3":{"start":{"line":6,"column":16},"end":{"line":6,"column":34}},"4":{"start":{"line":8,"column":16},"end":{"line":36,"column":2}},"5":{"start":{"line":11,"column":6},"end":{"line":13,"column":30}},"6":{"start":{"line":15,"column":19},"end":{"line":15,"column":44}},"7":{"start":{"line":17,"column":4},"end":{"line":34,"column":6}},"8":{"start":{"line":18,"column":6},"end":{"line":32,"column":7}},"9":{"start":{"line":19,"column":24},"end":{"line":19,"column":48}},"10":{"start":{"line":20,"column":20},"end":{"line":20,"column":50}},"11":{"start":{"line":21,"column":8},"end":{"line":29,"column":9}},"12":{"start":{"line":22,"column":10},"end":{"line":22,"column":50}},"13":{"start":{"line":24,"column":10},"end":{"line":27,"column":28}},"14":{"start":{"line":28,"column":10},"end":{"line":28,"column":36}},"15":{"start":{"line":31,"column":8},"end":{"line":31,"column":49}},"16":{"start":{"line":33,"column":6},"end":{"line":33,"column":28}},"17":{"start":{"line":38,"column":0},"end":{"line":38,"column":39}},"18":{"start":{"line":38,"column":25},"end":{"line":38,"column":38}}},"fnMap":{"0":{"name":"(anonymous_0)","decl":{"start":{"line":17,"column":17},"end":{"line":17,"column":18}},"loc":{"start":{"line":17,"column":49},"end":{"line":34,"column":5}},"line":17},"1":{"name":"(anonymous_1)","decl":{"start":{"line":38,"column":17},"end":{"line":38,"column":18}},"loc":{"start":{"line":38,"column":25},"end":{"line":38,"column":38}},"line":38}},"branchMap":{"0":{"loc":{"start":{"line":21,"column":8},"end":{"line":29,"column":9}},"type":"if","locations":[{"start":{"line":21,"column":8},"end":{"line":29,"column":9}},{"start":{"line":21,"column":8},"end":{"line":29,"column":9}}],"line":21}},"s":{"0":1,"1":1,"2":1,"3":1,"4":1,"5":2,"6":2,"7":2,"8":2,"9":2,"10":2,"11":2,"12":1,"13":1,"14":1,"15":1,"16":1,"17":1,"18":2},"f":{"0":2,"1":2},"b":{"0":[1,1]},"_coverageSchema":"332fd63041d2c1bcb487cc26dd0d5f7d97098a6c","hash":"f37442694288497a37a59cbf1a119008f58af741"}
,"/home/jay/codeBase/co-koa-core/src/lib/ClientConfig.js": {"path":"/home/jay/codeBase/co-koa-core/src/lib/ClientConfig.js","statementMap":{"0":{"start":{"line":3,"column":22},"end":{"line":3,"column":53}},"1":{"start":{"line":5,"column":0},"end":{"line":16,"column":3}}},"fnMap":{},"branchMap":{},"s":{"0":2,"1":2},"f":{},"b":{},"_coverageSchema":"332fd63041d2c1bcb487cc26dd0d5f7d97098a6c","hash":"7943ece130e44c42e901d2cd4955608b7042edd2"}
,"/home/jay/codeBase/co-koa-core/src/lib/ClientConfigFactory.js": {"path":"/home/jay/codeBase/co-koa-core/src/lib/ClientConfigFactory.js","statementMap":{"0":{"start":{"line":3,"column":16},"end":{"line":3,"column":34}},"1":{"start":{"line":5,"column":34},"end":{"line":5,"column":83}},"2":{"start":{"line":7,"column":28},"end":{"line":41,"column":2}},"3":{"start":{"line":9,"column":25},"end":{"line":9,"column":53}},"4":{"start":{"line":10,"column":19},"end":{"line":10,"column":50}},"5":{"start":{"line":12,"column":4},"end":{"line":39,"column":6}},"6":{"start":{"line":13,"column":19},"end":{"line":13,"column":44}},"7":{"start":{"line":14,"column":6},"end":{"line":38,"column":7}},"8":{"start":{"line":15,"column":8},"end":{"line":32,"column":9}},"9":{"start":{"line":16,"column":10},"end":{"line":29,"column":72}},"10":{"start":{"line":17,"column":12},"end":{"line":28,"column":15}},"11":{"start":{"line":29,"column":17},"end":{"line":29,"column":72}},"12":{"start":{"line":31,"column":10},"end":{"line":31,"column":42}},"13":{"start":{"line":34,"column":8},"end":{"line":37,"column":186}},"14":{"start":{"line":43,"column":0},"end":{"line":43,"column":51}},"15":{"start":{"line":43,"column":25},"end":{"line":43,"column":50}}},"fnMap":{"0":{"name":"(anonymous_0)","decl":{"start":{"line":12,"column":17},"end":{"line":12,"column":18}},"loc":{"start":{"line":12,"column":37},"end":{"line":39,"column":5}},"line":12},"1":{"name":"(anonymous_1)","decl":{"start":{"line":43,"column":17},"end":{"line":43,"column":18}},"loc":{"start":{"line":43,"column":25},"end":{"line":43,"column":50}},"line":43}},"branchMap":{"0":{"loc":{"start":{"line":14,"column":6},"end":{"line":38,"column":7}},"type":"if","locations":[{"start":{"line":14,"column":6},"end":{"line":38,"column":7}},{"start":{"line":14,"column":6},"end":{"line":38,"column":7}}],"line":14},"1":{"loc":{"start":{"line":16,"column":10},"end":{"line":29,"column":72}},"type":"if","locations":[{"start":{"line":16,"column":10},"end":{"line":29,"column":72}},{"start":{"line":16,"column":10},"end":{"line":29,"column":72}}],"line":16},"2":{"loc":{"start":{"line":35,"column":10},"end":{"line":37,"column":184}},"type":"cond-expr","locations":[{"start":{"line":36,"column":14},"end":{"line":36,"column":31}},{"start":{"line":37,"column":14},"end":{"line":37,"column":184}}],"line":35}},"s":{"0":2,"1":2,"2":2,"3":3,"4":3,"5":3,"6":6,"7":5,"8":3,"9":3,"10":2,"11":1,"12":1,"13":2,"14":2,"15":3},"f":{"0":6,"1":3},"b":{"0":[3,2],"1":[2,1],"2":[1,1]},"_coverageSchema":"332fd63041d2c1bcb487cc26dd0d5f7d97098a6c","hash":"b92be26534aafed980b0ea9b302e9a2fdfa91083"}
,"/home/jay/codeBase/co-koa-core/src/lib/ControllerFactory.js": {"path":"/home/jay/codeBase/co-koa-core/src/lib/ControllerFactory.js","statementMap":{"0":{"start":{"line":1,"column":16},"end":{"line":1,"column":36}},"1":{"start":{"line":2,"column":20},"end":{"line":2,"column":43}},"2":{"start":{"line":3,"column":16},"end":{"line":3,"column":34}},"3":{"start":{"line":5,"column":26},"end":{"line":32,"column":2}},"4":{"start":{"line":7,"column":17},"end":{"line":9,"column":28}},"5":{"start":{"line":11,"column":4},"end":{"line":30,"column":6}},"6":{"start":{"line":12,"column":6},"end":{"line":29,"column":11}},"7":{"start":{"line":14,"column":25},"end":{"line":14,"column":43}},"8":{"start":{"line":15,"column":10},"end":{"line":28,"column":17}},"9":{"start":{"line":18,"column":33},"end":{"line":18,"column":49}},"10":{"start":{"line":19,"column":16},"end":{"line":27,"column":17}},"11":{"start":{"line":20,"column":18},"end":{"line":24,"column":54}},"12":{"start":{"line":21,"column":41},"end":{"line":21,"column":95}},"13":{"start":{"line":22,"column":20},"end":{"line":23,"column":67}},"14":{"start":{"line":24,"column":25},"end":{"line":24,"column":54}},"15":{"start":{"line":26,"column":18},"end":{"line":26,"column":50}},"16":{"start":{"line":34,"column":0},"end":{"line":34,"column":49}},"17":{"start":{"line":34,"column":25},"end":{"line":34,"column":48}}},"fnMap":{"0":{"name":"(anonymous_0)","decl":{"start":{"line":11,"column":17},"end":{"line":11,"column":18}},"loc":{"start":{"line":11,"column":38},"end":{"line":30,"column":5}},"line":11},"1":{"name":"(anonymous_1)","decl":{"start":{"line":13,"column":29},"end":{"line":13,"column":30}},"loc":{"start":{"line":13,"column":53},"end":{"line":29,"column":9}},"line":13},"2":{"name":"(anonymous_2)","decl":{"start":{"line":17,"column":14},"end":{"line":17,"column":15}},"loc":{"start":{"line":17,"column":25},"end":{"line":28,"column":15}},"line":17},"3":{"name":"(anonymous_3)","decl":{"start":{"line":34,"column":17},"end":{"line":34,"column":18}},"loc":{"start":{"line":34,"column":25},"end":{"line":34,"column":48}},"line":34}},"branchMap":{"0":{"loc":{"start":{"line":20,"column":18},"end":{"line":24,"column":54}},"type":"if","locations":[{"start":{"line":20,"column":18},"end":{"line":24,"column":54}},{"start":{"line":20,"column":18},"end":{"line":24,"column":54}}],"line":20},"1":{"loc":{"start":{"line":21,"column":41},"end":{"line":21,"column":95}},"type":"cond-expr","locations":[{"start":{"line":21,"column":78},"end":{"line":21,"column":80}},{"start":{"line":21,"column":83},"end":{"line":21,"column":95}}],"line":21}},"s":{"0":1,"1":1,"2":1,"3":1,"4":1,"5":1,"6":1,"7":3,"8":3,"9":3,"10":3,"11":3,"12":2,"13":2,"14":1,"15":1,"16":1,"17":1},"f":{"0":1,"1":3,"2":3,"3":1},"b":{"0":[2,1],"1":[1,1]},"_coverageSchema":"332fd63041d2c1bcb487cc26dd0d5f7d97098a6c","hash":"a476530e8fdf6ad181b01f0dfacc80c69f4d1e24"}
,"/home/jay/codeBase/co-koa-core/src/lib/DependencyManager.js": {"path":"/home/jay/codeBase/co-koa-core/src/lib/DependencyManager.js","statementMap":{"0":{"start":{"line":3,"column":16},"end":{"line":3,"column":34}},"1":{"start":{"line":5,"column":32},"end":{"line":5,"column":79}},"2":{"start":{"line":7,"column":0},"end":{"line":27,"column":3}},"3":{"start":{"line":9,"column":19},"end":{"line":9,"column":90}},"4":{"start":{"line":11,"column":4},"end":{"line":22,"column":6}},"5":{"start":{"line":12,"column":6},"end":{"line":21,"column":75}},"6":{"start":{"line":13,"column":8},"end":{"line":20,"column":61}},"7":{"start":{"line":14,"column":10},"end":{"line":19,"column":11}},"8":{"start":{"line":14,"column":32},"end":{"line":14,"column":63}},"9":{"start":{"line":16,"column":23},"end":{"line":16,"column":52}},"10":{"start":{"line":17,"column":12},"end":{"line":18,"column":56}},"11":{"start":{"line":17,"column":37},"end":{"line":17,"column":94}},"12":{"start":{"line":18,"column":17},"end":{"line":18,"column":56}},"13":{"start":{"line":20,"column":15},"end":{"line":20,"column":61}},"14":{"start":{"line":21,"column":20},"end":{"line":21,"column":73}},"15":{"start":{"line":25,"column":4},"end":{"line":25,"column":35}}},"fnMap":{"0":{"name":"(anonymous_0)","decl":{"start":{"line":11,"column":16},"end":{"line":11,"column":17}},"loc":{"start":{"line":11,"column":32},"end":{"line":22,"column":5}},"line":11}},"branchMap":{"0":{"loc":{"start":{"line":13,"column":8},"end":{"line":20,"column":61}},"type":"if","locations":[{"start":{"line":13,"column":8},"end":{"line":20,"column":61}},{"start":{"line":13,"column":8},"end":{"line":20,"column":61}}],"line":13},"1":{"loc":{"start":{"line":14,"column":10},"end":{"line":19,"column":11}},"type":"if","locations":[{"start":{"line":14,"column":10},"end":{"line":19,"column":11}},{"start":{"line":14,"column":10},"end":{"line":19,"column":11}}],"line":14},"2":{"loc":{"start":{"line":17,"column":12},"end":{"line":18,"column":56}},"type":"if","locations":[{"start":{"line":17,"column":12},"end":{"line":18,"column":56}},{"start":{"line":17,"column":12},"end":{"line":18,"column":56}}],"line":17},"3":{"loc":{"start":{"line":17,"column":16},"end":{"line":17,"column":35}},"type":"binary-expr","locations":[{"start":{"line":17,"column":16},"end":{"line":17,"column":20}},{"start":{"line":17,"column":24},"end":{"line":17,"column":35}}],"line":17}},"s":{"0":1,"1":1,"2":1,"3":5,"4":5,"5":5,"6":5,"7":3,"8":1,"9":2,"10":2,"11":1,"12":1,"13":2,"14":2,"15":5},"f":{"0":5},"b":{"0":[3,2],"1":[1,2],"2":[1,1],"3":[2,1]},"_coverageSchema":"332fd63041d2c1bcb487cc26dd0d5f7d97098a6c","hash":"ebc4112f89690d5579663a6daf9c68e966827b77"}
,"/home/jay/codeBase/co-koa-core/src/lib/PluginManager.js": {"path":"/home/jay/codeBase/co-koa-core/src/lib/PluginManager.js","statementMap":{"0":{"start":{"line":1,"column":16},"end":{"line":1,"column":34}},"1":{"start":{"line":2,"column":20},"end":{"line":2,"column":43}},"2":{"start":{"line":4,"column":0},"end":{"line":28,"column":3}},"3":{"start":{"line":6,"column":17},"end":{"line":8,"column":28}},"4":{"start":{"line":10,"column":4},"end":{"line":26,"column":6}},"5":{"start":{"line":12,"column":8},"end":{"line":24,"column":26}},"6":{"start":{"line":13,"column":10},"end":{"line":23,"column":11}},"7":{"start":{"line":14,"column":12},"end":{"line":18,"column":92}},"8":{"start":{"line":15,"column":14},"end":{"line":17,"column":98}},"9":{"start":{"line":16,"column":16},"end":{"line":16,"column":36}},"10":{"start":{"line":17,"column":21},"end":{"line":17,"column":98}},"11":{"start":{"line":18,"column":19},"end":{"line":18,"column":92}},"12":{"start":{"line":19,"column":12},"end":{"line":19,"column":27}},"13":{"start":{"line":21,"column":12},"end":{"line":21,"column":52}},"14":{"start":{"line":22,"column":12},"end":{"line":22,"column":25}},"15":{"start":{"line":25,"column":6},"end":{"line":25,"column":67}}},"fnMap":{"0":{"name":"(anonymous_0)","decl":{"start":{"line":10,"column":16},"end":{"line":10,"column":17}},"loc":{"start":{"line":10,"column":46},"end":{"line":26,"column":5}},"line":10},"1":{"name":"(anonymous_1)","decl":{"start":{"line":12,"column":23},"end":{"line":12,"column":24}},"loc":{"start":{"line":12,"column":42},"end":{"line":24,"column":9}},"line":12}},"branchMap":{"0":{"loc":{"start":{"line":14,"column":12},"end":{"line":18,"column":92}},"type":"if","locations":[{"start":{"line":14,"column":12},"end":{"line":18,"column":92}},{"start":{"line":14,"column":12},"end":{"line":18,"column":92}}],"line":14},"1":{"loc":{"start":{"line":15,"column":14},"end":{"line":17,"column":98}},"type":"if","locations":[{"start":{"line":15,"column":14},"end":{"line":17,"column":98}},{"start":{"line":15,"column":14},"end":{"line":17,"column":98}}],"line":15}},"s":{"0":1,"1":1,"2":1,"3":3,"4":3,"5":3,"6":3,"7":3,"8":2,"9":1,"10":1,"11":1,"12":1,"13":2,"14":2,"15":3},"f":{"0":3,"1":3},"b":{"0":[2,1],"1":[1,1]},"_coverageSchema":"332fd63041d2c1bcb487cc26dd0d5f7d97098a6c","hash":"88f364bb26c10957ab43a1c08af9ad684280d0c0"}
,"/home/jay/codeBase/co-koa-core/src/lib/WelcomeMessage.js": {"path":"/home/jay/codeBase/co-koa-core/src/lib/WelcomeMessage.js","statementMap":{"0":{"start":{"line":3,"column":11},"end":{"line":3,"column":24}},"1":{"start":{"line":4,"column":16},"end":{"line":4,"column":34}},"2":{"start":{"line":6,"column":23},"end":{"line":21,"column":2}},"3":{"start":{"line":8,"column":4},"end":{"line":19,"column":6}},"4":{"start":{"line":9,"column":6},"end":{"line":17,"column":7}},"5":{"start":{"line":10,"column":8},"end":{"line":16,"column":9}},"6":{"start":{"line":11,"column":10},"end":{"line":13,"column":25}},"7":{"start":{"line":15,"column":10},"end":{"line":15,"column":41}},"8":{"start":{"line":18,"column":6},"end":{"line":18,"column":47}},"9":{"start":{"line":23,"column":0},"end":{"line":23,"column":58}},"10":{"start":{"line":23,"column":25},"end":{"line":23,"column":57}}},"fnMap":{"0":{"name":"(anonymous_0)","decl":{"start":{"line":8,"column":20},"end":{"line":8,"column":21}},"loc":{"start":{"line":8,"column":49},"end":{"line":19,"column":5}},"line":8},"1":{"name":"(anonymous_1)","decl":{"start":{"line":23,"column":17},"end":{"line":23,"column":18}},"loc":{"start":{"line":23,"column":25},"end":{"line":23,"column":57}},"line":23}},"branchMap":{"0":{"loc":{"start":{"line":8,"column":30},"end":{"line":8,"column":47}},"type":"default-arg","locations":[{"start":{"line":8,"column":36},"end":{"line":8,"column":47}}],"line":8},"1":{"loc":{"start":{"line":9,"column":6},"end":{"line":17,"column":7}},"type":"if","locations":[{"start":{"line":9,"column":6},"end":{"line":17,"column":7}},{"start":{"line":9,"column":6},"end":{"line":17,"column":7}}],"line":9},"2":{"loc":{"start":{"line":9,"column":10},"end":{"line":9,"column":65}},"type":"binary-expr","locations":[{"start":{"line":9,"column":10},"end":{"line":9,"column":39}},{"start":{"line":9,"column":43},"end":{"line":9,"column":65}}],"line":9}},"s":{"0":1,"1":1,"2":1,"3":5,"4":5,"5":3,"6":3,"7":1,"8":5,"9":1,"10":5},"f":{"0":5,"1":5},"b":{"0":[1],"1":[3,2],"2":[5,4]},"_coverageSchema":"332fd63041d2c1bcb487cc26dd0d5f7d97098a6c","hash":"ba855439a44ce966c7cc9af49178f24ded2897e4"}
,"/home/jay/codeBase/co-koa-core/src/lib/helpers/BuilderHelper.js": {"path":"/home/jay/codeBase/co-koa-core/src/lib/helpers/BuilderHelper.js","statementMap":{"0":{"start":{"line":3,"column":16},"end":{"line":3,"column":34}},"1":{"start":{"line":5,"column":22},"end":{"line":34,"column":2}},"2":{"start":{"line":7,"column":34},"end":{"line":10,"column":5}},"3":{"start":{"line":8,"column":14},"end":{"line":8,"column":46}},"4":{"start":{"line":9,"column":6},"end":{"line":9,"column":70}},"5":{"start":{"line":12,"column":4},"end":{"line":27,"column":6}},"6":{"start":{"line":13,"column":6},"end":{"line":26,"column":7}},"7":{"start":{"line":14,"column":24},"end":{"line":14,"column":48}},"8":{"start":{"line":15,"column":8},"end":{"line":25,"column":11}},"9":{"start":{"line":16,"column":25},"end":{"line":16,"column":49}},"10":{"start":{"line":17,"column":23},"end":{"line":17,"column":52}},"11":{"start":{"line":18,"column":10},"end":{"line":24,"column":11}},"12":{"start":{"line":19,"column":25},"end":{"line":19,"column":71}},"13":{"start":{"line":20,"column":31},"end":{"line":20,"column":55}},"14":{"start":{"line":21,"column":12},"end":{"line":21,"column":39}},"15":{"start":{"line":23,"column":12},"end":{"line":23,"column":55}},"16":{"start":{"line":29,"column":4},"end":{"line":32,"column":6}},"17":{"start":{"line":30,"column":6},"end":{"line":30,"column":55}},"18":{"start":{"line":30,"column":35},"end":{"line":30,"column":55}},"19":{"start":{"line":31,"column":6},"end":{"line":31,"column":18}},"20":{"start":{"line":36,"column":0},"end":{"line":36,"column":63}},"21":{"start":{"line":36,"column":33},"end":{"line":36,"column":62}}},"fnMap":{"0":{"name":"(anonymous_0)","decl":{"start":{"line":7,"column":34},"end":{"line":7,"column":35}},"loc":{"start":{"line":7,"column":50},"end":{"line":10,"column":5}},"line":7},"1":{"name":"(anonymous_1)","decl":{"start":{"line":12,"column":30},"end":{"line":12,"column":31}},"loc":{"start":{"line":12,"column":67},"end":{"line":27,"column":5}},"line":12},"2":{"name":"(anonymous_2)","decl":{"start":{"line":15,"column":26},"end":{"line":15,"column":27}},"loc":{"start":{"line":15,"column":38},"end":{"line":25,"column":9}},"line":15},"3":{"name":"(anonymous_3)","decl":{"start":{"line":29,"column":25},"end":{"line":29,"column":26}},"loc":{"start":{"line":29,"column":51},"end":{"line":32,"column":5}},"line":29},"4":{"name":"(anonymous_4)","decl":{"start":{"line":36,"column":17},"end":{"line":36,"column":18}},"loc":{"start":{"line":36,"column":33},"end":{"line":36,"column":62}},"line":36}},"branchMap":{"0":{"loc":{"start":{"line":13,"column":6},"end":{"line":26,"column":7}},"type":"if","locations":[{"start":{"line":13,"column":6},"end":{"line":26,"column":7}},{"start":{"line":13,"column":6},"end":{"line":26,"column":7}}],"line":13},"1":{"loc":{"start":{"line":18,"column":10},"end":{"line":24,"column":11}},"type":"if","locations":[{"start":{"line":18,"column":10},"end":{"line":24,"column":11}},{"start":{"line":18,"column":10},"end":{"line":24,"column":11}}],"line":18},"2":{"loc":{"start":{"line":18,"column":14},"end":{"line":18,"column":67}},"type":"binary-expr","locations":[{"start":{"line":18,"column":14},"end":{"line":18,"column":30}},{"start":{"line":18,"column":34},"end":{"line":18,"column":67}}],"line":18},"3":{"loc":{"start":{"line":30,"column":6},"end":{"line":30,"column":55}},"type":"if","locations":[{"start":{"line":30,"column":6},"end":{"line":30,"column":55}},{"start":{"line":30,"column":6},"end":{"line":30,"column":55}}],"line":30}},"s":{"0":2,"1":2,"2":3,"3":5,"4":5,"5":3,"6":5,"7":4,"8":4,"9":6,"10":6,"11":6,"12":4,"13":4,"14":4,"15":2,"16":3,"17":5,"18":4,"19":5,"20":2,"21":3},"f":{"0":5,"1":5,"2":6,"3":5,"4":3},"b":{"0":[4,1],"1":[4,2],"2":[6,5],"3":[4,1]},"_coverageSchema":"332fd63041d2c1bcb487cc26dd0d5f7d97098a6c","hash":"c6b3b39e7b9e948ed0b86be4faff67af6ecc25a4"}
,"/home/jay/codeBase/co-koa-core/src/lib/helpers/ClientConfigFactoryHelper.js": {"path":"/home/jay/codeBase/co-koa-core/src/lib/helpers/ClientConfigFactoryHelper.js","statementMap":{"0":{"start":{"line":3,"column":20},"end":{"line":3,"column":43}},"1":{"start":{"line":4,"column":21},"end":{"line":4,"column":54}},"2":{"start":{"line":5,"column":16},"end":{"line":5,"column":34}},"3":{"start":{"line":7,"column":34},"end":{"line":44,"column":2}},"4":{"start":{"line":9,"column":19},"end":{"line":9,"column":56}},"5":{"start":{"line":11,"column":31},"end":{"line":11,"column":67}},"6":{"start":{"line":12,"column":14},"end":{"line":12,"column":64}},"7":{"start":{"line":13,"column":21},"end":{"line":15,"column":12}},"8":{"start":{"line":17,"column":28},"end":{"line":17,"column":83}},"9":{"start":{"line":19,"column":19},"end":{"line":26,"column":5}},"10":{"start":{"line":20,"column":18},"end":{"line":20,"column":42}},"11":{"start":{"line":21,"column":22},"end":{"line":21,"column":57}},"12":{"start":{"line":22,"column":6},"end":{"line":25,"column":56}},"13":{"start":{"line":23,"column":29},"end":{"line":23,"column":68}},"14":{"start":{"line":24,"column":8},"end":{"line":24,"column":70}},"15":{"start":{"line":24,"column":36},"end":{"line":24,"column":66}},"16":{"start":{"line":25,"column":13},"end":{"line":25,"column":56}},"17":{"start":{"line":28,"column":4},"end":{"line":42,"column":24}},"18":{"start":{"line":30,"column":8},"end":{"line":32,"column":33}},"19":{"start":{"line":35,"column":8},"end":{"line":35,"column":42}},"20":{"start":{"line":38,"column":8},"end":{"line":38,"column":24}},"21":{"start":{"line":46,"column":0},"end":{"line":46,"column":57}},"22":{"start":{"line":46,"column":25},"end":{"line":46,"column":56}}},"fnMap":{"0":{"name":"(anonymous_0)","decl":{"start":{"line":19,"column":19},"end":{"line":19,"column":20}},"loc":{"start":{"line":19,"column":36},"end":{"line":26,"column":5}},"line":19},"1":{"name":"(anonymous_1)","decl":{"start":{"line":24,"column":28},"end":{"line":24,"column":29}},"loc":{"start":{"line":24,"column":34},"end":{"line":24,"column":68}},"line":24},"2":{"name":"(anonymous_2)","decl":{"start":{"line":46,"column":17},"end":{"line":46,"column":18}},"loc":{"start":{"line":46,"column":25},"end":{"line":46,"column":56}},"line":46}},"branchMap":{"0":{"loc":{"start":{"line":13,"column":21},"end":{"line":15,"column":12}},"type":"cond-expr","locations":[{"start":{"line":14,"column":8},"end":{"line":14,"column":29}},{"start":{"line":15,"column":8},"end":{"line":15,"column":12}}],"line":13},"1":{"loc":{"start":{"line":22,"column":6},"end":{"line":25,"column":56}},"type":"if","locations":[{"start":{"line":22,"column":6},"end":{"line":25,"column":56}},{"start":{"line":22,"column":6},"end":{"line":25,"column":56}}],"line":22}},"s":{"0":2,"1":2,"2":2,"3":2,"4":4,"5":4,"6":4,"7":4,"8":4,"9":4,"10":9,"11":9,"12":9,"13":7,"14":7,"15":1,"16":2,"17":4,"18":7,"19":3,"20":2,"21":2,"22":4},"f":{"0":9,"1":1,"2":4},"b":{"0":[3,1],"1":[7,2]},"_coverageSchema":"332fd63041d2c1bcb487cc26dd0d5f7d97098a6c","hash":"8438fb3089fcfeaff470a84ea0556158139521ea"}
,"/home/jay/codeBase/co-koa-core/src/lib/helpers/DependencyManagerHelper.js": {"path":"/home/jay/codeBase/co-koa-core/src/lib/helpers/DependencyManagerHelper.js","statementMap":{"0":{"start":{"line":3,"column":20},"end":{"line":3,"column":43}},"1":{"start":{"line":4,"column":16},"end":{"line":4,"column":34}},"2":{"start":{"line":6,"column":21},"end":{"line":6,"column":59}},"3":{"start":{"line":7,"column":21},"end":{"line":7,"column":59}},"4":{"start":{"line":8,"column":16},"end":{"line":8,"column":37}},"5":{"start":{"line":9,"column":22},"end":{"line":9,"column":61}},"6":{"start":{"line":11,"column":0},"end":{"line":79,"column":3}},"7":{"start":{"line":17,"column":17},"end":{"line":19,"column":28}},"8":{"start":{"line":20,"column":21},"end":{"line":20,"column":57}},"9":{"start":{"line":21,"column":25},"end":{"line":21,"column":49}},"10":{"start":{"line":23,"column":4},"end":{"line":23,"column":21}},"11":{"start":{"line":24,"column":4},"end":{"line":24,"column":21}},"12":{"start":{"line":26,"column":4},"end":{"line":48,"column":6}},"13":{"start":{"line":27,"column":6},"end":{"line":47,"column":7}},"14":{"start":{"line":29,"column":26},"end":{"line":29,"column":53}},"15":{"start":{"line":30,"column":10},"end":{"line":30,"column":61}},"16":{"start":{"line":32,"column":28},"end":{"line":32,"column":74}},"17":{"start":{"line":33,"column":10},"end":{"line":33,"column":63}},"18":{"start":{"line":36,"column":12},"end":{"line":37,"column":61}},"19":{"start":{"line":38,"column":10},"end":{"line":45,"column":11}},"20":{"start":{"line":39,"column":12},"end":{"line":42,"column":13}},"21":{"start":{"line":40,"column":28},"end":{"line":40,"column":81}},"22":{"start":{"line":41,"column":14},"end":{"line":41,"column":38}},"23":{"start":{"line":41,"column":25},"end":{"line":41,"column":38}},"24":{"start":{"line":44,"column":12},"end":{"line":44,"column":65}},"25":{"start":{"line":46,"column":10},"end":{"line":46,"column":30}},"26":{"start":{"line":50,"column":4},"end":{"line":65,"column":6}},"27":{"start":{"line":51,"column":6},"end":{"line":64,"column":7}},"28":{"start":{"line":53,"column":10},"end":{"line":53,"column":32}},"29":{"start":{"line":55,"column":10},"end":{"line":55,"column":31}},"30":{"start":{"line":57,"column":10},"end":{"line":57,"column":45}},"31":{"start":{"line":59,"column":10},"end":{"line":59,"column":26}},"32":{"start":{"line":61,"column":10},"end":{"line":61,"column":31}},"33":{"start":{"line":63,"column":10},"end":{"line":63,"column":42}},"34":{"start":{"line":67,"column":4},"end":{"line":71,"column":6}},"35":{"start":{"line":68,"column":6},"end":{"line":70,"column":54}},"36":{"start":{"line":69,"column":8},"end":{"line":69,"column":79}},"37":{"start":{"line":70,"column":20},"end":{"line":70,"column":52}},"38":{"start":{"line":73,"column":4},"end":{"line":77,"column":6}},"39":{"start":{"line":74,"column":6},"end":{"line":76,"column":67}}},"fnMap":{"0":{"name":"(anonymous_0)","decl":{"start":{"line":26,"column":21},"end":{"line":26,"column":22}},"loc":{"start":{"line":26,"column":47},"end":{"line":48,"column":5}},"line":26},"1":{"name":"(anonymous_1)","decl":{"start":{"line":50,"column":22},"end":{"line":50,"column":23}},"loc":{"start":{"line":50,"column":38},"end":{"line":65,"column":5}},"line":50},"2":{"name":"(anonymous_2)","decl":{"start":{"line":67,"column":18},"end":{"line":67,"column":19}},"loc":{"start":{"line":67,"column":40},"end":{"line":71,"column":5}},"line":67},"3":{"name":"(anonymous_3)","decl":{"start":{"line":73,"column":25},"end":{"line":73,"column":26}},"loc":{"start":{"line":73,"column":61},"end":{"line":77,"column":5}},"line":73}},"branchMap":{"0":{"loc":{"start":{"line":27,"column":6},"end":{"line":47,"column":7}},"type":"switch","locations":[{"start":{"line":28,"column":8},"end":{"line":30,"column":61}},{"start":{"line":31,"column":8},"end":{"line":33,"column":63}},{"start":{"line":34,"column":8},"end":{"line":46,"column":30}}],"line":27},"1":{"loc":{"start":{"line":39,"column":12},"end":{"line":42,"column":13}},"type":"if","locations":[{"start":{"line":39,"column":12},"end":{"line":42,"column":13}},{"start":{"line":39,"column":12},"end":{"line":42,"column":13}}],"line":39},"2":{"loc":{"start":{"line":39,"column":16},"end":{"line":39,"column":69}},"type":"binary-expr","locations":[{"start":{"line":39,"column":16},"end":{"line":39,"column":19}},{"start":{"line":39,"column":23},"end":{"line":39,"column":69}}],"line":39},"3":{"loc":{"start":{"line":41,"column":14},"end":{"line":41,"column":38}},"type":"if","locations":[{"start":{"line":41,"column":14},"end":{"line":41,"column":38}},{"start":{"line":41,"column":14},"end":{"line":41,"column":38}}],"line":41},"4":{"loc":{"start":{"line":51,"column":6},"end":{"line":64,"column":7}},"type":"switch","locations":[{"start":{"line":52,"column":8},"end":{"line":53,"column":32}},{"start":{"line":54,"column":8},"end":{"line":55,"column":31}},{"start":{"line":56,"column":8},"end":{"line":57,"column":45}},{"start":{"line":58,"column":8},"end":{"line":59,"column":26}},{"start":{"line":60,"column":8},"end":{"line":61,"column":31}},{"start":{"line":62,"column":8},"end":{"line":63,"column":42}}],"line":51},"5":{"loc":{"start":{"line":74,"column":13},"end":{"line":76,"column":66}},"type":"cond-expr","locations":[{"start":{"line":75,"column":10},"end":{"line":75,"column":31}},{"start":{"line":76,"column":10},"end":{"line":76,"column":66}}],"line":74}},"s":{"0":1,"1":1,"2":1,"3":1,"4":1,"5":1,"6":1,"7":1,"8":1,"9":1,"10":1,"11":1,"12":1,"13":7,"14":2,"15":2,"16":1,"17":1,"18":4,"19":4,"20":4,"21":3,"22":2,"23":1,"24":1,"25":3,"26":1,"27":9,"28":1,"29":1,"30":4,"31":1,"32":1,"33":1,"34":1,"35":4,"36":4,"37":1,"38":1,"39":3},"f":{"0":7,"1":9,"2":4,"3":3},"b":{"0":[2,1,4],"1":[3,1],"2":[4,4],"3":[1,1],"4":[1,1,4,1,1,1],"5":[2,1]},"_coverageSchema":"332fd63041d2c1bcb487cc26dd0d5f7d97098a6c","hash":"862787ecc0791578765f8fa8bd7fe0e8e6c60fe2"}
,"/home/jay/codeBase/co-koa-core/src/lib/helpers/resources/AssetFactory.js": {"path":"/home/jay/codeBase/co-koa-core/src/lib/helpers/resources/AssetFactory.js","statementMap":{"0":{"start":{"line":3,"column":11},"end":{"line":3,"column":24}},"1":{"start":{"line":4,"column":16},"end":{"line":4,"column":34}},"2":{"start":{"line":6,"column":21},"end":{"line":32,"column":2}},"3":{"start":{"line":9,"column":4},"end":{"line":11,"column":53}},"4":{"start":{"line":10,"column":6},"end":{"line":10,"column":74}},"5":{"start":{"line":11,"column":18},"end":{"line":11,"column":51}},"6":{"start":{"line":13,"column":24},"end":{"line":15,"column":50}},"7":{"start":{"line":17,"column":4},"end":{"line":30,"column":6}},"8":{"start":{"line":18,"column":6},"end":{"line":29,"column":9}},"9":{"start":{"line":20,"column":10},"end":{"line":24,"column":64}},"10":{"start":{"line":21,"column":25},"end":{"line":21,"column":52}},"11":{"start":{"line":22,"column":30},"end":{"line":22,"column":84}},"12":{"start":{"line":23,"column":12},"end":{"line":23,"column":71}},"13":{"start":{"line":24,"column":24},"end":{"line":24,"column":62}},"14":{"start":{"line":27,"column":10},"end":{"line":27,"column":100}},"15":{"start":{"line":34,"column":0},"end":{"line":34,"column":62}},"16":{"start":{"line":34,"column":33},"end":{"line":34,"column":61}}},"fnMap":{"0":{"name":"(anonymous_0)","decl":{"start":{"line":17,"column":17},"end":{"line":17,"column":18}},"loc":{"start":{"line":17,"column":38},"end":{"line":30,"column":5}},"line":17},"1":{"name":"(anonymous_1)","decl":{"start":{"line":34,"column":17},"end":{"line":34,"column":18}},"loc":{"start":{"line":34,"column":33},"end":{"line":34,"column":61}},"line":34}},"branchMap":{"0":{"loc":{"start":{"line":13,"column":32},"end":{"line":15,"column":49}},"type":"cond-expr","locations":[{"start":{"line":14,"column":12},"end":{"line":14,"column":48}},{"start":{"line":15,"column":12},"end":{"line":15,"column":49}}],"line":13},"1":{"loc":{"start":{"line":19,"column":27},"end":{"line":19,"column":45}},"type":"default-arg","locations":[{"start":{"line":19,"column":43},"end":{"line":19,"column":45}}],"line":19},"2":{"loc":{"start":{"line":23,"column":47},"end":{"line":23,"column":68}},"type":"binary-expr","locations":[{"start":{"line":23,"column":47},"end":{"line":23,"column":60}},{"start":{"line":23,"column":64},"end":{"line":23,"column":68}}],"line":23},"3":{"loc":{"start":{"line":26,"column":26},"end":{"line":26,"column":44}},"type":"default-arg","locations":[{"start":{"line":26,"column":42},"end":{"line":26,"column":44}}],"line":26}},"s":{"0":2,"1":2,"2":2,"3":4,"4":4,"5":2,"6":4,"7":4,"8":4,"9":4,"10":4,"11":4,"12":3,"13":1,"14":1,"15":2,"16":4},"f":{"0":4,"1":4},"b":{"0":[2,2],"1":[3],"2":[3,3],"3":[1]},"_coverageSchema":"332fd63041d2c1bcb487cc26dd0d5f7d97098a6c","hash":"293017584012f48bde89a0c0f20c93d300a7ccdc"}
,"/home/jay/codeBase/co-koa-core/src/lib/helpers/resources/AsyncLibrary.js": {"path":"/home/jay/codeBase/co-koa-core/src/lib/helpers/resources/AsyncLibrary.js","statementMap":{"0":{"start":{"line":3,"column":16},"end":{"line":3,"column":34}},"1":{"start":{"line":5,"column":21},"end":{"line":24,"column":2}},"2":{"start":{"line":9,"column":6},"end":{"line":14,"column":7}},"3":{"start":{"line":10,"column":8},"end":{"line":13,"column":14}},"4":{"start":{"line":12,"column":12},"end":{"line":12,"column":27}},"5":{"start":{"line":17,"column":6},"end":{"line":20,"column":11}},"6":{"start":{"line":19,"column":10},"end":{"line":19,"column":54}},"7":{"start":{"line":21,"column":6},"end":{"line":21,"column":26}},"8":{"start":{"line":26,"column":0},"end":{"line":26,"column":38}},"9":{"start":{"line":26,"column":23},"end":{"line":26,"column":37}}},"fnMap":{"0":{"name":"(anonymous_0)","decl":{"start":{"line":11,"column":20},"end":{"line":11,"column":21}},"loc":{"start":{"line":11,"column":36},"end":{"line":13,"column":11}},"line":11},"1":{"name":"(anonymous_1)","decl":{"start":{"line":18,"column":15},"end":{"line":18,"column":16}},"loc":{"start":{"line":18,"column":31},"end":{"line":20,"column":9}},"line":18},"2":{"name":"(anonymous_2)","decl":{"start":{"line":26,"column":17},"end":{"line":26,"column":18}},"loc":{"start":{"line":26,"column":23},"end":{"line":26,"column":37}},"line":26}},"branchMap":{"0":{"loc":{"start":{"line":9,"column":6},"end":{"line":14,"column":7}},"type":"if","locations":[{"start":{"line":9,"column":6},"end":{"line":14,"column":7}},{"start":{"line":9,"column":6},"end":{"line":14,"column":7}}],"line":9},"1":{"loc":{"start":{"line":9,"column":10},"end":{"line":9,"column":31}},"type":"binary-expr","locations":[{"start":{"line":9,"column":10},"end":{"line":9,"column":15}},{"start":{"line":9,"column":19},"end":{"line":9,"column":31}}],"line":9}},"s":{"0":1,"1":1,"2":3,"3":2,"4":4,"5":1,"6":2,"7":1,"8":1,"9":1},"f":{"0":4,"1":2,"2":1},"b":{"0":[2,1],"1":[3,3]},"_coverageSchema":"332fd63041d2c1bcb487cc26dd0d5f7d97098a6c","hash":"872d69244fef28597c4d6241e1985e6b19633025"}
,"/home/jay/codeBase/co-koa-core/src/lib/helpers/resources/TreeAlgorithm.js": {"path":"/home/jay/codeBase/co-koa-core/src/lib/helpers/resources/TreeAlgorithm.js","statementMap":{"0":{"start":{"line":3,"column":18},"end":{"line":3,"column":45}},"1":{"start":{"line":4,"column":16},"end":{"line":4,"column":34}},"2":{"start":{"line":6,"column":22},"end":{"line":63,"column":2}},"3":{"start":{"line":8,"column":17},"end":{"line":8,"column":33}},"4":{"start":{"line":9,"column":18},"end":{"line":9,"column":20}},"5":{"start":{"line":12,"column":21},"end":{"line":12,"column":50}},"6":{"start":{"line":13,"column":6},"end":{"line":24,"column":7}},"7":{"start":{"line":14,"column":23},"end":{"line":14,"column":44}},"8":{"start":{"line":15,"column":8},"end":{"line":15,"column":67}},"9":{"start":{"line":17,"column":8},"end":{"line":22,"column":11}},"10":{"start":{"line":23,"column":8},"end":{"line":23,"column":47}},"11":{"start":{"line":28,"column":6},"end":{"line":37,"column":7}},"12":{"start":{"line":29,"column":8},"end":{"line":29,"column":44}},"13":{"start":{"line":30,"column":8},"end":{"line":30,"column":29}},"14":{"start":{"line":32,"column":8},"end":{"line":32,"column":47}},"15":{"start":{"line":33,"column":8},"end":{"line":36,"column":9}},"16":{"start":{"line":34,"column":10},"end":{"line":34,"column":22}},"17":{"start":{"line":35,"column":10},"end":{"line":35,"column":24}},"18":{"start":{"line":40,"column":4},"end":{"line":61,"column":6}},"19":{"start":{"line":41,"column":6},"end":{"line":60,"column":13}},"20":{"start":{"line":42,"column":8},"end":{"line":42,"column":30}},"21":{"start":{"line":43,"column":8},"end":{"line":43,"column":26}},"22":{"start":{"line":44,"column":8},"end":{"line":58,"column":9}},"23":{"start":{"line":45,"column":23},"end":{"line":45,"column":46}},"24":{"start":{"line":46,"column":10},"end":{"line":57,"column":11}},"25":{"start":{"line":47,"column":23},"end":{"line":47,"column":42}},"26":{"start":{"line":48,"column":12},"end":{"line":53,"column":13}},"27":{"start":{"line":49,"column":14},"end":{"line":49,"column":59}},"28":{"start":{"line":51,"column":14},"end":{"line":51,"column":28}},"29":{"start":{"line":52,"column":14},"end":{"line":52,"column":26}},"30":{"start":{"line":55,"column":12},"end":{"line":55,"column":74}},"31":{"start":{"line":56,"column":12},"end":{"line":56,"column":24}},"32":{"start":{"line":59,"column":8},"end":{"line":59,"column":21}},"33":{"start":{"line":65,"column":0},"end":{"line":65,"column":45}},"34":{"start":{"line":65,"column":25},"end":{"line":65,"column":44}}},"fnMap":{"0":{"name":"processNextItem","decl":{"start":{"line":11,"column":13},"end":{"line":11,"column":28}},"loc":{"start":{"line":11,"column":59},"end":{"line":25,"column":5}},"line":11},"1":{"name":"processObjectNode","decl":{"start":{"line":27,"column":13},"end":{"line":27,"column":30}},"loc":{"start":{"line":27,"column":73},"end":{"line":38,"column":5}},"line":27},"2":{"name":"(anonymous_2)","decl":{"start":{"line":40,"column":19},"end":{"line":40,"column":20}},"loc":{"start":{"line":40,"column":37},"end":{"line":61,"column":5}},"line":40},"3":{"name":"(anonymous_3)","decl":{"start":{"line":41,"column":31},"end":{"line":41,"column":32}},"loc":{"start":{"line":41,"column":47},"end":{"line":60,"column":7}},"line":41},"4":{"name":"(anonymous_4)","decl":{"start":{"line":65,"column":17},"end":{"line":65,"column":18}},"loc":{"start":{"line":65,"column":25},"end":{"line":65,"column":44}},"line":65}},"branchMap":{"0":{"loc":{"start":{"line":13,"column":6},"end":{"line":24,"column":7}},"type":"if","locations":[{"start":{"line":13,"column":6},"end":{"line":24,"column":7}},{"start":{"line":13,"column":6},"end":{"line":24,"column":7}}],"line":13},"1":{"loc":{"start":{"line":28,"column":6},"end":{"line":37,"column":7}},"type":"if","locations":[{"start":{"line":28,"column":6},"end":{"line":37,"column":7}},{"start":{"line":28,"column":6},"end":{"line":37,"column":7}}],"line":28},"2":{"loc":{"start":{"line":33,"column":8},"end":{"line":36,"column":9}},"type":"if","locations":[{"start":{"line":33,"column":8},"end":{"line":36,"column":9}},{"start":{"line":33,"column":8},"end":{"line":36,"column":9}}],"line":33},"3":{"loc":{"start":{"line":33,"column":12},"end":{"line":33,"column":53}},"type":"binary-expr","locations":[{"start":{"line":33,"column":12},"end":{"line":33,"column":19}},{"start":{"line":33,"column":23},"end":{"line":33,"column":53}}],"line":33},"4":{"loc":{"start":{"line":46,"column":10},"end":{"line":57,"column":11}},"type":"if","locations":[{"start":{"line":46,"column":10},"end":{"line":57,"column":11}},{"start":{"line":46,"column":10},"end":{"line":57,"column":11}}],"line":46},"5":{"loc":{"start":{"line":48,"column":12},"end":{"line":53,"column":13}},"type":"if","locations":[{"start":{"line":48,"column":12},"end":{"line":53,"column":13}},{"start":{"line":48,"column":12},"end":{"line":53,"column":13}}],"line":48}},"s":{"0":2,"1":2,"2":2,"3":1,"4":1,"5":24,"6":24,"7":16,"8":16,"9":8,"10":8,"11":16,"12":8,"13":8,"14":8,"15":8,"16":5,"17":5,"18":1,"19":1,"20":3,"21":3,"22":3,"23":30,"24":30,"25":29,"26":29,"27":24,"28":5,"29":5,"30":1,"31":1,"32":3,"33":2,"34":1},"f":{"0":24,"1":16,"2":1,"3":3,"4":1},"b":{"0":[16,8],"1":[8,8],"2":[5,3],"3":[8,8],"4":[29,1],"5":[24,5]},"_coverageSchema":"332fd63041d2c1bcb487cc26dd0d5f7d97098a6c","hash":"d5ab373dd3108cb450ca58c47bdc9fa83f9f2c54"}
}
