{"/home/jay/codeBase/node/co-koa-core/index.js": {"path":"/home/jay/codeBase/node/co-koa-core/index.js","statementMap":{"0":{"start":{"line":3,"column":12},"end":{"line":3,"column":26}},"1":{"start":{"line":4,"column":19},"end":{"line":4,"column":44}},"2":{"start":{"line":5,"column":15},"end":{"line":5,"column":36}},"3":{"start":{"line":6,"column":16},"end":{"line":6,"column":34}},"4":{"start":{"line":7,"column":14},"end":{"line":7,"column":30}},"5":{"start":{"line":9,"column":2},"end":{"line":17,"column":21}},"6":{"start":{"line":19,"column":26},"end":{"line":19,"column":60}},"7":{"start":{"line":20,"column":26},"end":{"line":20,"column":60}},"8":{"start":{"line":21,"column":28},"end":{"line":21,"column":64}},"9":{"start":{"line":22,"column":26},"end":{"line":22,"column":60}},"10":{"start":{"line":23,"column":21},"end":{"line":23,"column":50}},"11":{"start":{"line":24,"column":22},"end":{"line":24,"column":52}},"12":{"start":{"line":25,"column":23},"end":{"line":25,"column":54}},"13":{"start":{"line":27,"column":0},"end":{"line":75,"column":3}},"14":{"start":{"line":29,"column":24},"end":{"line":29,"column":60}},"15":{"start":{"line":30,"column":23},"end":{"line":30,"column":59}},"16":{"start":{"line":31,"column":17},"end":{"line":31,"column":61}},"17":{"start":{"line":33,"column":4},"end":{"line":73,"column":6}},"18":{"start":{"line":34,"column":18},"end":{"line":34,"column":45}},"19":{"start":{"line":35,"column":21},"end":{"line":35,"column":33}},"20":{"start":{"line":36,"column":6},"end":{"line":36,"column":38}},"21":{"start":{"line":37,"column":16},"end":{"line":37,"column":39}},"22":{"start":{"line":42,"column":6},"end":{"line":42,"column":39}},"23":{"start":{"line":47,"column":6},"end":{"line":49,"column":7}},"24":{"start":{"line":48,"column":8},"end":{"line":48,"column":58}},"25":{"start":{"line":53,"column":6},"end":{"line":53,"column":43}},"26":{"start":{"line":54,"column":20},"end":{"line":54,"column":38}},"27":{"start":{"line":55,"column":6},"end":{"line":55,"column":66}},"28":{"start":{"line":55,"column":42},"end":{"line":55,"column":62}},"29":{"start":{"line":60,"column":6},"end":{"line":60,"column":47}},"30":{"start":{"line":65,"column":6},"end":{"line":65,"column":60}},"31":{"start":{"line":67,"column":6},"end":{"line":67,"column":60}},"32":{"start":{"line":68,"column":6},"end":{"line":72,"column":8}}},"fnMap":{"0":{"name":"(anonymous_0)","decl":{"start":{"line":33,"column":18},"end":{"line":33,"column":19}},"loc":{"start":{"line":33,"column":40},"end":{"line":73,"column":5}},"line":33},"1":{"name":"(anonymous_1)","decl":{"start":{"line":55,"column":33},"end":{"line":55,"column":34}},"loc":{"start":{"line":55,"column":40},"end":{"line":55,"column":64}},"line":55}},"branchMap":{"0":{"loc":{"start":{"line":29,"column":24},"end":{"line":29,"column":60}},"type":"binary-expr","locations":[{"start":{"line":29,"column":24},"end":{"line":29,"column":43}},{"start":{"line":29,"column":47},"end":{"line":29,"column":60}}],"line":29},"1":{"loc":{"start":{"line":47,"column":6},"end":{"line":49,"column":7}},"type":"if","locations":[{"start":{"line":47,"column":6},"end":{"line":49,"column":7}},{"start":{"line":47,"column":6},"end":{"line":49,"column":7}}],"line":47}},"s":{"0":1,"1":1,"2":1,"3":1,"4":1,"5":1,"6":1,"7":1,"8":1,"9":1,"10":1,"11":1,"12":1,"13":1,"14":10,"15":10,"16":10,"17":10,"18":8,"19":8,"20":8,"21":8,"22":8,"23":8,"24":1,"25":8,"26":8,"27":8,"28":8,"29":8,"30":8,"31":8,"32":8},"f":{"0":8,"1":8},"b":{"0":[10,1],"1":[1,7]},"_coverageSchema":"332fd63041d2c1bcb487cc26dd0d5f7d97098a6c","hash":"44db0643d11be91504144eb758daf80f44885709"}
,"/home/jay/codeBase/node/co-koa-core/lib/Builder.js": {"path":"/home/jay/codeBase/node/co-koa-core/lib/Builder.js","statementMap":{"0":{"start":{"line":3,"column":22},"end":{"line":3,"column":59}},"1":{"start":{"line":4,"column":20},"end":{"line":4,"column":43}},"2":{"start":{"line":5,"column":11},"end":{"line":5,"column":24}},"3":{"start":{"line":6,"column":16},"end":{"line":6,"column":34}},"4":{"start":{"line":8,"column":16},"end":{"line":36,"column":2}},"5":{"start":{"line":11,"column":6},"end":{"line":13,"column":30}},"6":{"start":{"line":15,"column":19},"end":{"line":15,"column":44}},"7":{"start":{"line":17,"column":4},"end":{"line":34,"column":6}},"8":{"start":{"line":18,"column":6},"end":{"line":32,"column":7}},"9":{"start":{"line":19,"column":24},"end":{"line":19,"column":48}},"10":{"start":{"line":20,"column":20},"end":{"line":20,"column":50}},"11":{"start":{"line":21,"column":8},"end":{"line":29,"column":9}},"12":{"start":{"line":22,"column":10},"end":{"line":22,"column":50}},"13":{"start":{"line":24,"column":10},"end":{"line":27,"column":28}},"14":{"start":{"line":28,"column":10},"end":{"line":28,"column":36}},"15":{"start":{"line":31,"column":8},"end":{"line":31,"column":49}},"16":{"start":{"line":33,"column":6},"end":{"line":33,"column":28}},"17":{"start":{"line":38,"column":0},"end":{"line":38,"column":39}},"18":{"start":{"line":38,"column":25},"end":{"line":38,"column":38}}},"fnMap":{"0":{"name":"(anonymous_0)","decl":{"start":{"line":17,"column":17},"end":{"line":17,"column":18}},"loc":{"start":{"line":17,"column":49},"end":{"line":34,"column":5}},"line":17},"1":{"name":"(anonymous_1)","decl":{"start":{"line":38,"column":17},"end":{"line":38,"column":18}},"loc":{"start":{"line":38,"column":25},"end":{"line":38,"column":38}},"line":38}},"branchMap":{"0":{"loc":{"start":{"line":21,"column":8},"end":{"line":29,"column":9}},"type":"if","locations":[{"start":{"line":21,"column":8},"end":{"line":29,"column":9}},{"start":{"line":21,"column":8},"end":{"line":29,"column":9}}],"line":21}},"s":{"0":1,"1":1,"2":1,"3":1,"4":1,"5":2,"6":2,"7":2,"8":2,"9":2,"10":2,"11":2,"12":1,"13":1,"14":1,"15":1,"16":1,"17":1,"18":2},"f":{"0":2,"1":2},"b":{"0":[1,1]},"_coverageSchema":"332fd63041d2c1bcb487cc26dd0d5f7d97098a6c","hash":"195e90b25a6e2f403ea231c6b6f74bfb9a9793ef"}
,"/home/jay/codeBase/node/co-koa-core/lib/ClientConfig.js": {"path":"/home/jay/codeBase/node/co-koa-core/lib/ClientConfig.js","statementMap":{"0":{"start":{"line":3,"column":22},"end":{"line":3,"column":53}},"1":{"start":{"line":5,"column":0},"end":{"line":16,"column":3}}},"fnMap":{},"branchMap":{},"s":{"0":2,"1":2},"f":{},"b":{},"_coverageSchema":"332fd63041d2c1bcb487cc26dd0d5f7d97098a6c","hash":"a01ad56819afa607c768d8011aaea8f48608b50a"}
,"/home/jay/codeBase/node/co-koa-core/lib/ClientConfigFactory.js": {"path":"/home/jay/codeBase/node/co-koa-core/lib/ClientConfigFactory.js","statementMap":{"0":{"start":{"line":3,"column":16},"end":{"line":3,"column":34}},"1":{"start":{"line":5,"column":34},"end":{"line":5,"column":83}},"2":{"start":{"line":7,"column":28},"end":{"line":40,"column":2}},"3":{"start":{"line":9,"column":25},"end":{"line":9,"column":53}},"4":{"start":{"line":10,"column":19},"end":{"line":10,"column":50}},"5":{"start":{"line":12,"column":4},"end":{"line":38,"column":6}},"6":{"start":{"line":13,"column":19},"end":{"line":13,"column":44}},"7":{"start":{"line":14,"column":6},"end":{"line":37,"column":7}},"8":{"start":{"line":15,"column":8},"end":{"line":31,"column":9}},"9":{"start":{"line":16,"column":10},"end":{"line":28,"column":72}},"10":{"start":{"line":17,"column":12},"end":{"line":27,"column":15}},"11":{"start":{"line":28,"column":17},"end":{"line":28,"column":72}},"12":{"start":{"line":30,"column":10},"end":{"line":30,"column":42}},"13":{"start":{"line":33,"column":8},"end":{"line":36,"column":186}},"14":{"start":{"line":42,"column":0},"end":{"line":42,"column":51}},"15":{"start":{"line":42,"column":25},"end":{"line":42,"column":50}}},"fnMap":{"0":{"name":"(anonymous_0)","decl":{"start":{"line":12,"column":17},"end":{"line":12,"column":18}},"loc":{"start":{"line":12,"column":37},"end":{"line":38,"column":5}},"line":12},"1":{"name":"(anonymous_1)","decl":{"start":{"line":42,"column":17},"end":{"line":42,"column":18}},"loc":{"start":{"line":42,"column":25},"end":{"line":42,"column":50}},"line":42}},"branchMap":{"0":{"loc":{"start":{"line":14,"column":6},"end":{"line":37,"column":7}},"type":"if","locations":[{"start":{"line":14,"column":6},"end":{"line":37,"column":7}},{"start":{"line":14,"column":6},"end":{"line":37,"column":7}}],"line":14},"1":{"loc":{"start":{"line":16,"column":10},"end":{"line":28,"column":72}},"type":"if","locations":[{"start":{"line":16,"column":10},"end":{"line":28,"column":72}},{"start":{"line":16,"column":10},"end":{"line":28,"column":72}}],"line":16},"2":{"loc":{"start":{"line":34,"column":10},"end":{"line":36,"column":184}},"type":"cond-expr","locations":[{"start":{"line":35,"column":14},"end":{"line":35,"column":31}},{"start":{"line":36,"column":14},"end":{"line":36,"column":184}}],"line":34}},"s":{"0":2,"1":2,"2":2,"3":3,"4":3,"5":3,"6":6,"7":5,"8":3,"9":3,"10":2,"11":1,"12":1,"13":2,"14":2,"15":3},"f":{"0":6,"1":3},"b":{"0":[3,2],"1":[2,1],"2":[1,1]},"_coverageSchema":"332fd63041d2c1bcb487cc26dd0d5f7d97098a6c","hash":"6c83f664240baead260f9ff1f51c3aaff2b92116"}
,"/home/jay/codeBase/node/co-koa-core/lib/ControllerFactory.js": {"path":"/home/jay/codeBase/node/co-koa-core/lib/ControllerFactory.js","statementMap":{"0":{"start":{"line":1,"column":16},"end":{"line":1,"column":36}},"1":{"start":{"line":2,"column":20},"end":{"line":2,"column":43}},"2":{"start":{"line":3,"column":16},"end":{"line":3,"column":34}},"3":{"start":{"line":5,"column":26},"end":{"line":32,"column":2}},"4":{"start":{"line":7,"column":17},"end":{"line":9,"column":28}},"5":{"start":{"line":11,"column":4},"end":{"line":30,"column":6}},"6":{"start":{"line":12,"column":6},"end":{"line":29,"column":11}},"7":{"start":{"line":14,"column":25},"end":{"line":14,"column":43}},"8":{"start":{"line":15,"column":10},"end":{"line":28,"column":17}},"9":{"start":{"line":18,"column":33},"end":{"line":18,"column":49}},"10":{"start":{"line":19,"column":16},"end":{"line":27,"column":17}},"11":{"start":{"line":20,"column":18},"end":{"line":24,"column":54}},"12":{"start":{"line":21,"column":41},"end":{"line":21,"column":95}},"13":{"start":{"line":22,"column":20},"end":{"line":23,"column":67}},"14":{"start":{"line":24,"column":25},"end":{"line":24,"column":54}},"15":{"start":{"line":26,"column":18},"end":{"line":26,"column":50}},"16":{"start":{"line":34,"column":0},"end":{"line":34,"column":49}},"17":{"start":{"line":34,"column":25},"end":{"line":34,"column":48}}},"fnMap":{"0":{"name":"(anonymous_0)","decl":{"start":{"line":11,"column":17},"end":{"line":11,"column":18}},"loc":{"start":{"line":11,"column":38},"end":{"line":30,"column":5}},"line":11},"1":{"name":"(anonymous_1)","decl":{"start":{"line":13,"column":29},"end":{"line":13,"column":30}},"loc":{"start":{"line":13,"column":53},"end":{"line":29,"column":9}},"line":13},"2":{"name":"(anonymous_2)","decl":{"start":{"line":17,"column":14},"end":{"line":17,"column":15}},"loc":{"start":{"line":17,"column":25},"end":{"line":28,"column":15}},"line":17},"3":{"name":"(anonymous_3)","decl":{"start":{"line":34,"column":17},"end":{"line":34,"column":18}},"loc":{"start":{"line":34,"column":25},"end":{"line":34,"column":48}},"line":34}},"branchMap":{"0":{"loc":{"start":{"line":20,"column":18},"end":{"line":24,"column":54}},"type":"if","locations":[{"start":{"line":20,"column":18},"end":{"line":24,"column":54}},{"start":{"line":20,"column":18},"end":{"line":24,"column":54}}],"line":20},"1":{"loc":{"start":{"line":21,"column":41},"end":{"line":21,"column":95}},"type":"cond-expr","locations":[{"start":{"line":21,"column":78},"end":{"line":21,"column":80}},{"start":{"line":21,"column":83},"end":{"line":21,"column":95}}],"line":21}},"s":{"0":1,"1":1,"2":1,"3":1,"4":1,"5":1,"6":1,"7":3,"8":3,"9":3,"10":3,"11":3,"12":2,"13":2,"14":1,"15":1,"16":1,"17":1},"f":{"0":1,"1":3,"2":3,"3":1},"b":{"0":[2,1],"1":[1,1]},"_coverageSchema":"332fd63041d2c1bcb487cc26dd0d5f7d97098a6c","hash":"45676fa425ddf19c0ba281eb2dc37bb9431dd7ef"}
,"/home/jay/codeBase/node/co-koa-core/lib/DependencyManager.js": {"path":"/home/jay/codeBase/node/co-koa-core/lib/DependencyManager.js","statementMap":{"0":{"start":{"line":3,"column":16},"end":{"line":3,"column":34}},"1":{"start":{"line":5,"column":32},"end":{"line":5,"column":79}},"2":{"start":{"line":7,"column":26},"end":{"line":27,"column":2}},"3":{"start":{"line":9,"column":19},"end":{"line":9,"column":65}},"4":{"start":{"line":11,"column":4},"end":{"line":22,"column":6}},"5":{"start":{"line":12,"column":6},"end":{"line":21,"column":75}},"6":{"start":{"line":13,"column":8},"end":{"line":20,"column":61}},"7":{"start":{"line":14,"column":10},"end":{"line":19,"column":11}},"8":{"start":{"line":14,"column":32},"end":{"line":14,"column":63}},"9":{"start":{"line":16,"column":23},"end":{"line":16,"column":52}},"10":{"start":{"line":17,"column":12},"end":{"line":18,"column":56}},"11":{"start":{"line":17,"column":37},"end":{"line":17,"column":94}},"12":{"start":{"line":18,"column":17},"end":{"line":18,"column":56}},"13":{"start":{"line":20,"column":15},"end":{"line":20,"column":61}},"14":{"start":{"line":21,"column":20},"end":{"line":21,"column":73}},"15":{"start":{"line":25,"column":4},"end":{"line":25,"column":40}},"16":{"start":{"line":29,"column":0},"end":{"line":29,"column":49}},"17":{"start":{"line":29,"column":25},"end":{"line":29,"column":48}}},"fnMap":{"0":{"name":"(anonymous_0)","decl":{"start":{"line":11,"column":16},"end":{"line":11,"column":17}},"loc":{"start":{"line":11,"column":32},"end":{"line":22,"column":5}},"line":11},"1":{"name":"(anonymous_1)","decl":{"start":{"line":29,"column":17},"end":{"line":29,"column":18}},"loc":{"start":{"line":29,"column":25},"end":{"line":29,"column":48}},"line":29}},"branchMap":{"0":{"loc":{"start":{"line":13,"column":8},"end":{"line":20,"column":61}},"type":"if","locations":[{"start":{"line":13,"column":8},"end":{"line":20,"column":61}},{"start":{"line":13,"column":8},"end":{"line":20,"column":61}}],"line":13},"1":{"loc":{"start":{"line":14,"column":10},"end":{"line":19,"column":11}},"type":"if","locations":[{"start":{"line":14,"column":10},"end":{"line":19,"column":11}},{"start":{"line":14,"column":10},"end":{"line":19,"column":11}}],"line":14},"2":{"loc":{"start":{"line":17,"column":12},"end":{"line":18,"column":56}},"type":"if","locations":[{"start":{"line":17,"column":12},"end":{"line":18,"column":56}},{"start":{"line":17,"column":12},"end":{"line":18,"column":56}}],"line":17},"3":{"loc":{"start":{"line":17,"column":16},"end":{"line":17,"column":35}},"type":"binary-expr","locations":[{"start":{"line":17,"column":16},"end":{"line":17,"column":20}},{"start":{"line":17,"column":24},"end":{"line":17,"column":35}}],"line":17}},"s":{"0":1,"1":1,"2":1,"3":5,"4":5,"5":5,"6":5,"7":3,"8":1,"9":2,"10":2,"11":1,"12":1,"13":2,"14":2,"15":5,"16":1,"17":5},"f":{"0":5,"1":5},"b":{"0":[3,2],"1":[1,2],"2":[1,1],"3":[2,1]},"_coverageSchema":"332fd63041d2c1bcb487cc26dd0d5f7d97098a6c","hash":"cd1a893f0007470d537aa3a46b6578e053474f33"}
,"/home/jay/codeBase/node/co-koa-core/lib/ModelFactory.js": {"path":"/home/jay/codeBase/node/co-koa-core/lib/ModelFactory.js","statementMap":{"0":{"start":{"line":3,"column":20},"end":{"line":3,"column":43}},"1":{"start":{"line":4,"column":17},"end":{"line":4,"column":36}},"2":{"start":{"line":5,"column":16},"end":{"line":5,"column":34}},"3":{"start":{"line":7,"column":16},"end":{"line":7,"column":36}},"4":{"start":{"line":8,"column":27},"end":{"line":8,"column":69}},"5":{"start":{"line":9,"column":32},"end":{"line":9,"column":69}},"6":{"start":{"line":11,"column":21},"end":{"line":42,"column":2}},"7":{"start":{"line":13,"column":20},"end":{"line":13,"column":33}},"8":{"start":{"line":14,"column":17},"end":{"line":16,"column":28}},"9":{"start":{"line":17,"column":19},"end":{"line":17,"column":39}},"10":{"start":{"line":18,"column":26},"end":{"line":18,"column":68}},"11":{"start":{"line":20,"column":31},"end":{"line":34,"column":5}},"12":{"start":{"line":21,"column":6},"end":{"line":33,"column":8}},"13":{"start":{"line":22,"column":22},"end":{"line":22,"column":38}},"14":{"start":{"line":23,"column":8},"end":{"line":32,"column":49}},"15":{"start":{"line":24,"column":10},"end":{"line":24,"column":53}},"16":{"start":{"line":25,"column":25},"end":{"line":25,"column":121}},"17":{"start":{"line":26,"column":10},"end":{"line":26,"column":53}},"18":{"start":{"line":26,"column":27},"end":{"line":26,"column":53}},"19":{"start":{"line":27,"column":26},"end":{"line":27,"column":71}},"20":{"start":{"line":28,"column":24},"end":{"line":28,"column":57}},"21":{"start":{"line":29,"column":10},"end":{"line":31,"column":13}},"22":{"start":{"line":30,"column":12},"end":{"line":30,"column":50}},"23":{"start":{"line":32,"column":15},"end":{"line":32,"column":49}},"24":{"start":{"line":36,"column":4},"end":{"line":40,"column":6}},"25":{"start":{"line":37,"column":6},"end":{"line":37,"column":46}},"26":{"start":{"line":38,"column":6},"end":{"line":38,"column":67}},"27":{"start":{"line":39,"column":6},"end":{"line":39,"column":52}},"28":{"start":{"line":44,"column":0},"end":{"line":44,"column":44}},"29":{"start":{"line":44,"column":25},"end":{"line":44,"column":43}}},"fnMap":{"0":{"name":"(anonymous_0)","decl":{"start":{"line":20,"column":31},"end":{"line":20,"column":32}},"loc":{"start":{"line":20,"column":38},"end":{"line":34,"column":5}},"line":20},"1":{"name":"(anonymous_1)","decl":{"start":{"line":21,"column":13},"end":{"line":21,"column":14}},"loc":{"start":{"line":21,"column":43},"end":{"line":33,"column":7}},"line":21},"2":{"name":"(anonymous_2)","decl":{"start":{"line":29,"column":26},"end":{"line":29,"column":27}},"loc":{"start":{"line":29,"column":34},"end":{"line":31,"column":11}},"line":29},"3":{"name":"(anonymous_3)","decl":{"start":{"line":36,"column":17},"end":{"line":36,"column":18}},"loc":{"start":{"line":36,"column":30},"end":{"line":40,"column":5}},"line":36},"4":{"name":"(anonymous_4)","decl":{"start":{"line":44,"column":17},"end":{"line":44,"column":18}},"loc":{"start":{"line":44,"column":25},"end":{"line":44,"column":43}},"line":44}},"branchMap":{"0":{"loc":{"start":{"line":23,"column":8},"end":{"line":32,"column":49}},"type":"if","locations":[{"start":{"line":23,"column":8},"end":{"line":32,"column":49}},{"start":{"line":23,"column":8},"end":{"line":32,"column":49}}],"line":23},"1":{"loc":{"start":{"line":25,"column":60},"end":{"line":25,"column":119}},"type":"cond-expr","locations":[{"start":{"line":25,"column":94},"end":{"line":25,"column":107}},{"start":{"line":25,"column":110},"end":{"line":25,"column":119}}],"line":25},"2":{"loc":{"start":{"line":26,"column":10},"end":{"line":26,"column":53}},"type":"if","locations":[{"start":{"line":26,"column":10},"end":{"line":26,"column":53}},{"start":{"line":26,"column":10},"end":{"line":26,"column":53}}],"line":26}},"s":{"0":1,"1":1,"2":1,"3":1,"4":1,"5":1,"6":1,"7":1,"8":1,"9":1,"10":1,"11":1,"12":1,"13":3,"14":3,"15":2,"16":2,"17":2,"18":1,"19":2,"20":2,"21":2,"22":4,"23":1,"24":1,"25":1,"26":1,"27":1,"28":1,"29":1},"f":{"0":1,"1":3,"2":4,"3":1,"4":1},"b":{"0":[2,1],"1":[1,1],"2":[1,1]},"_coverageSchema":"332fd63041d2c1bcb487cc26dd0d5f7d97098a6c","hash":"aa94ac36078037e5618d216e5189cfde02aab2f7"}
,"/home/jay/codeBase/node/co-koa-core/lib/PluginManager.js": {"path":"/home/jay/codeBase/node/co-koa-core/lib/PluginManager.js","statementMap":{"0":{"start":{"line":1,"column":16},"end":{"line":1,"column":34}},"1":{"start":{"line":2,"column":20},"end":{"line":2,"column":43}},"2":{"start":{"line":4,"column":0},"end":{"line":28,"column":3}},"3":{"start":{"line":6,"column":17},"end":{"line":8,"column":28}},"4":{"start":{"line":10,"column":4},"end":{"line":26,"column":6}},"5":{"start":{"line":12,"column":8},"end":{"line":24,"column":26}},"6":{"start":{"line":13,"column":10},"end":{"line":23,"column":11}},"7":{"start":{"line":14,"column":12},"end":{"line":18,"column":92}},"8":{"start":{"line":15,"column":14},"end":{"line":17,"column":98}},"9":{"start":{"line":16,"column":16},"end":{"line":16,"column":36}},"10":{"start":{"line":17,"column":21},"end":{"line":17,"column":98}},"11":{"start":{"line":18,"column":19},"end":{"line":18,"column":92}},"12":{"start":{"line":19,"column":12},"end":{"line":19,"column":27}},"13":{"start":{"line":21,"column":12},"end":{"line":21,"column":52}},"14":{"start":{"line":22,"column":12},"end":{"line":22,"column":25}},"15":{"start":{"line":25,"column":6},"end":{"line":25,"column":67}}},"fnMap":{"0":{"name":"(anonymous_0)","decl":{"start":{"line":10,"column":16},"end":{"line":10,"column":17}},"loc":{"start":{"line":10,"column":46},"end":{"line":26,"column":5}},"line":10},"1":{"name":"(anonymous_1)","decl":{"start":{"line":12,"column":23},"end":{"line":12,"column":24}},"loc":{"start":{"line":12,"column":42},"end":{"line":24,"column":9}},"line":12}},"branchMap":{"0":{"loc":{"start":{"line":14,"column":12},"end":{"line":18,"column":92}},"type":"if","locations":[{"start":{"line":14,"column":12},"end":{"line":18,"column":92}},{"start":{"line":14,"column":12},"end":{"line":18,"column":92}}],"line":14},"1":{"loc":{"start":{"line":15,"column":14},"end":{"line":17,"column":98}},"type":"if","locations":[{"start":{"line":15,"column":14},"end":{"line":17,"column":98}},{"start":{"line":15,"column":14},"end":{"line":17,"column":98}}],"line":15}},"s":{"0":1,"1":1,"2":1,"3":3,"4":3,"5":3,"6":3,"7":3,"8":2,"9":1,"10":1,"11":1,"12":1,"13":2,"14":2,"15":3},"f":{"0":3,"1":3},"b":{"0":[2,1],"1":[1,1]},"_coverageSchema":"332fd63041d2c1bcb487cc26dd0d5f7d97098a6c","hash":"7b9295bdafb9f449a1386d265c11839e32a4d91f"}
,"/home/jay/codeBase/node/co-koa-core/lib/WelcomeMessage.js": {"path":"/home/jay/codeBase/node/co-koa-core/lib/WelcomeMessage.js","statementMap":{"0":{"start":{"line":3,"column":11},"end":{"line":3,"column":24}},"1":{"start":{"line":4,"column":16},"end":{"line":4,"column":34}},"2":{"start":{"line":6,"column":23},"end":{"line":21,"column":2}},"3":{"start":{"line":8,"column":4},"end":{"line":19,"column":6}},"4":{"start":{"line":9,"column":6},"end":{"line":17,"column":7}},"5":{"start":{"line":10,"column":8},"end":{"line":16,"column":9}},"6":{"start":{"line":11,"column":10},"end":{"line":13,"column":25}},"7":{"start":{"line":15,"column":10},"end":{"line":15,"column":41}},"8":{"start":{"line":18,"column":6},"end":{"line":18,"column":47}},"9":{"start":{"line":23,"column":0},"end":{"line":23,"column":58}},"10":{"start":{"line":23,"column":25},"end":{"line":23,"column":57}}},"fnMap":{"0":{"name":"(anonymous_0)","decl":{"start":{"line":8,"column":20},"end":{"line":8,"column":21}},"loc":{"start":{"line":8,"column":49},"end":{"line":19,"column":5}},"line":8},"1":{"name":"(anonymous_1)","decl":{"start":{"line":23,"column":17},"end":{"line":23,"column":18}},"loc":{"start":{"line":23,"column":25},"end":{"line":23,"column":57}},"line":23}},"branchMap":{"0":{"loc":{"start":{"line":8,"column":30},"end":{"line":8,"column":47}},"type":"default-arg","locations":[{"start":{"line":8,"column":36},"end":{"line":8,"column":47}}],"line":8},"1":{"loc":{"start":{"line":9,"column":6},"end":{"line":17,"column":7}},"type":"if","locations":[{"start":{"line":9,"column":6},"end":{"line":17,"column":7}},{"start":{"line":9,"column":6},"end":{"line":17,"column":7}}],"line":9},"2":{"loc":{"start":{"line":9,"column":10},"end":{"line":9,"column":65}},"type":"binary-expr","locations":[{"start":{"line":9,"column":10},"end":{"line":9,"column":39}},{"start":{"line":9,"column":43},"end":{"line":9,"column":65}}],"line":9}},"s":{"0":1,"1":1,"2":1,"3":5,"4":5,"5":3,"6":3,"7":1,"8":5,"9":1,"10":5},"f":{"0":5,"1":5},"b":{"0":[1],"1":[3,2],"2":[5,4]},"_coverageSchema":"332fd63041d2c1bcb487cc26dd0d5f7d97098a6c","hash":"afc2cf9bf74fd2255f1c8ec6fc001d30d02d0f99"}
,"/home/jay/codeBase/node/co-koa-core/lib/helpers/BuilderHelper.js": {"path":"/home/jay/codeBase/node/co-koa-core/lib/helpers/BuilderHelper.js","statementMap":{"0":{"start":{"line":3,"column":16},"end":{"line":3,"column":34}},"1":{"start":{"line":5,"column":22},"end":{"line":31,"column":2}},"2":{"start":{"line":7,"column":34},"end":{"line":7,"column":100}},"3":{"start":{"line":7,"column":50},"end":{"line":7,"column":100}},"4":{"start":{"line":9,"column":4},"end":{"line":24,"column":6}},"5":{"start":{"line":10,"column":6},"end":{"line":23,"column":7}},"6":{"start":{"line":11,"column":24},"end":{"line":11,"column":48}},"7":{"start":{"line":12,"column":8},"end":{"line":22,"column":11}},"8":{"start":{"line":13,"column":25},"end":{"line":13,"column":49}},"9":{"start":{"line":14,"column":23},"end":{"line":14,"column":52}},"10":{"start":{"line":15,"column":10},"end":{"line":21,"column":11}},"11":{"start":{"line":16,"column":25},"end":{"line":16,"column":71}},"12":{"start":{"line":17,"column":31},"end":{"line":17,"column":55}},"13":{"start":{"line":18,"column":12},"end":{"line":18,"column":39}},"14":{"start":{"line":20,"column":12},"end":{"line":20,"column":55}},"15":{"start":{"line":26,"column":4},"end":{"line":29,"column":6}},"16":{"start":{"line":27,"column":6},"end":{"line":27,"column":55}},"17":{"start":{"line":27,"column":35},"end":{"line":27,"column":55}},"18":{"start":{"line":28,"column":6},"end":{"line":28,"column":18}},"19":{"start":{"line":33,"column":0},"end":{"line":33,"column":63}},"20":{"start":{"line":33,"column":33},"end":{"line":33,"column":62}}},"fnMap":{"0":{"name":"(anonymous_0)","decl":{"start":{"line":7,"column":34},"end":{"line":7,"column":35}},"loc":{"start":{"line":7,"column":50},"end":{"line":7,"column":100}},"line":7},"1":{"name":"(anonymous_1)","decl":{"start":{"line":9,"column":30},"end":{"line":9,"column":31}},"loc":{"start":{"line":9,"column":67},"end":{"line":24,"column":5}},"line":9},"2":{"name":"(anonymous_2)","decl":{"start":{"line":12,"column":26},"end":{"line":12,"column":27}},"loc":{"start":{"line":12,"column":38},"end":{"line":22,"column":9}},"line":12},"3":{"name":"(anonymous_3)","decl":{"start":{"line":26,"column":25},"end":{"line":26,"column":26}},"loc":{"start":{"line":26,"column":51},"end":{"line":29,"column":5}},"line":26},"4":{"name":"(anonymous_4)","decl":{"start":{"line":33,"column":17},"end":{"line":33,"column":18}},"loc":{"start":{"line":33,"column":33},"end":{"line":33,"column":62}},"line":33}},"branchMap":{"0":{"loc":{"start":{"line":10,"column":6},"end":{"line":23,"column":7}},"type":"if","locations":[{"start":{"line":10,"column":6},"end":{"line":23,"column":7}},{"start":{"line":10,"column":6},"end":{"line":23,"column":7}}],"line":10},"1":{"loc":{"start":{"line":15,"column":10},"end":{"line":21,"column":11}},"type":"if","locations":[{"start":{"line":15,"column":10},"end":{"line":21,"column":11}},{"start":{"line":15,"column":10},"end":{"line":21,"column":11}}],"line":15},"2":{"loc":{"start":{"line":15,"column":14},"end":{"line":15,"column":67}},"type":"binary-expr","locations":[{"start":{"line":15,"column":14},"end":{"line":15,"column":30}},{"start":{"line":15,"column":34},"end":{"line":15,"column":67}}],"line":15},"3":{"loc":{"start":{"line":27,"column":6},"end":{"line":27,"column":55}},"type":"if","locations":[{"start":{"line":27,"column":6},"end":{"line":27,"column":55}},{"start":{"line":27,"column":6},"end":{"line":27,"column":55}}],"line":27}},"s":{"0":2,"1":2,"2":3,"3":5,"4":3,"5":5,"6":4,"7":4,"8":6,"9":6,"10":6,"11":4,"12":4,"13":4,"14":2,"15":3,"16":5,"17":4,"18":5,"19":2,"20":3},"f":{"0":5,"1":5,"2":6,"3":5,"4":3},"b":{"0":[4,1],"1":[4,2],"2":[6,5],"3":[4,1]},"_coverageSchema":"332fd63041d2c1bcb487cc26dd0d5f7d97098a6c","hash":"b498d2ece020933bd947fd9d88965e901074a23f"}
,"/home/jay/codeBase/node/co-koa-core/lib/helpers/ClientConfigFactoryHelper.js": {"path":"/home/jay/codeBase/node/co-koa-core/lib/helpers/ClientConfigFactoryHelper.js","statementMap":{"0":{"start":{"line":3,"column":20},"end":{"line":3,"column":43}},"1":{"start":{"line":4,"column":21},"end":{"line":4,"column":54}},"2":{"start":{"line":5,"column":17},"end":{"line":5,"column":36}},"3":{"start":{"line":6,"column":16},"end":{"line":6,"column":34}},"4":{"start":{"line":8,"column":34},"end":{"line":48,"column":2}},"5":{"start":{"line":10,"column":19},"end":{"line":10,"column":56}},"6":{"start":{"line":12,"column":31},"end":{"line":12,"column":67}},"7":{"start":{"line":13,"column":14},"end":{"line":13,"column":64}},"8":{"start":{"line":14,"column":21},"end":{"line":16,"column":12}},"9":{"start":{"line":18,"column":28},"end":{"line":18,"column":83}},"10":{"start":{"line":19,"column":22},"end":{"line":19,"column":60}},"11":{"start":{"line":21,"column":19},"end":{"line":28,"column":5}},"12":{"start":{"line":22,"column":18},"end":{"line":22,"column":42}},"13":{"start":{"line":23,"column":22},"end":{"line":23,"column":57}},"14":{"start":{"line":24,"column":6},"end":{"line":27,"column":56}},"15":{"start":{"line":25,"column":29},"end":{"line":25,"column":68}},"16":{"start":{"line":26,"column":8},"end":{"line":26,"column":70}},"17":{"start":{"line":26,"column":36},"end":{"line":26,"column":66}},"18":{"start":{"line":27,"column":13},"end":{"line":27,"column":56}},"19":{"start":{"line":30,"column":4},"end":{"line":46,"column":24}},"20":{"start":{"line":32,"column":8},"end":{"line":34,"column":33}},"21":{"start":{"line":37,"column":19},"end":{"line":37,"column":71}},"22":{"start":{"line":38,"column":8},"end":{"line":39,"column":38}},"23":{"start":{"line":38,"column":16},"end":{"line":38,"column":26}},"24":{"start":{"line":39,"column":13},"end":{"line":39,"column":38}},"25":{"start":{"line":42,"column":8},"end":{"line":42,"column":24}},"26":{"start":{"line":50,"column":0},"end":{"line":50,"column":57}},"27":{"start":{"line":50,"column":25},"end":{"line":50,"column":56}}},"fnMap":{"0":{"name":"(anonymous_0)","decl":{"start":{"line":21,"column":19},"end":{"line":21,"column":20}},"loc":{"start":{"line":21,"column":36},"end":{"line":28,"column":5}},"line":21},"1":{"name":"(anonymous_1)","decl":{"start":{"line":26,"column":28},"end":{"line":26,"column":29}},"loc":{"start":{"line":26,"column":34},"end":{"line":26,"column":68}},"line":26},"2":{"name":"(anonymous_2)","decl":{"start":{"line":50,"column":17},"end":{"line":50,"column":18}},"loc":{"start":{"line":50,"column":25},"end":{"line":50,"column":56}},"line":50}},"branchMap":{"0":{"loc":{"start":{"line":14,"column":21},"end":{"line":16,"column":12}},"type":"cond-expr","locations":[{"start":{"line":15,"column":8},"end":{"line":15,"column":29}},{"start":{"line":16,"column":8},"end":{"line":16,"column":12}}],"line":14},"1":{"loc":{"start":{"line":24,"column":6},"end":{"line":27,"column":56}},"type":"if","locations":[{"start":{"line":24,"column":6},"end":{"line":27,"column":56}},{"start":{"line":24,"column":6},"end":{"line":27,"column":56}}],"line":24},"2":{"loc":{"start":{"line":38,"column":8},"end":{"line":39,"column":38}},"type":"if","locations":[{"start":{"line":38,"column":8},"end":{"line":39,"column":38}},{"start":{"line":38,"column":8},"end":{"line":39,"column":38}}],"line":38}},"s":{"0":2,"1":2,"2":2,"3":2,"4":2,"5":4,"6":4,"7":4,"8":4,"9":4,"10":4,"11":4,"12":9,"13":9,"14":9,"15":7,"16":7,"17":1,"18":2,"19":4,"20":7,"21":4,"22":4,"23":3,"24":1,"25":2,"26":2,"27":4},"f":{"0":9,"1":1,"2":4},"b":{"0":[3,1],"1":[7,2],"2":[3,1]},"_coverageSchema":"332fd63041d2c1bcb487cc26dd0d5f7d97098a6c","hash":"8235e0ca4b5694213cafc2be9a903f806e990892"}
,"/home/jay/codeBase/node/co-koa-core/lib/helpers/DependencyManagerHelper.js": {"path":"/home/jay/codeBase/node/co-koa-core/lib/helpers/DependencyManagerHelper.js","statementMap":{"0":{"start":{"line":3,"column":20},"end":{"line":3,"column":43}},"1":{"start":{"line":4,"column":17},"end":{"line":4,"column":36}},"2":{"start":{"line":5,"column":16},"end":{"line":5,"column":34}},"3":{"start":{"line":7,"column":21},"end":{"line":7,"column":59}},"4":{"start":{"line":8,"column":21},"end":{"line":8,"column":59}},"5":{"start":{"line":9,"column":22},"end":{"line":9,"column":61}},"6":{"start":{"line":11,"column":32},"end":{"line":73,"column":2}},"7":{"start":{"line":17,"column":17},"end":{"line":19,"column":28}},"8":{"start":{"line":20,"column":21},"end":{"line":20,"column":57}},"9":{"start":{"line":21,"column":25},"end":{"line":21,"column":49}},"10":{"start":{"line":23,"column":4},"end":{"line":23,"column":21}},"11":{"start":{"line":24,"column":4},"end":{"line":24,"column":21}},"12":{"start":{"line":26,"column":4},"end":{"line":31,"column":6}},"13":{"start":{"line":27,"column":6},"end":{"line":30,"column":7}},"14":{"start":{"line":28,"column":8},"end":{"line":28,"column":46}},"15":{"start":{"line":29,"column":8},"end":{"line":29,"column":46}},"16":{"start":{"line":33,"column":4},"end":{"line":44,"column":6}},"17":{"start":{"line":34,"column":6},"end":{"line":43,"column":7}},"18":{"start":{"line":36,"column":26},"end":{"line":36,"column":53}},"19":{"start":{"line":37,"column":10},"end":{"line":37,"column":61}},"20":{"start":{"line":39,"column":28},"end":{"line":39,"column":74}},"21":{"start":{"line":40,"column":10},"end":{"line":40,"column":63}},"22":{"start":{"line":42,"column":10},"end":{"line":42,"column":43}},"23":{"start":{"line":46,"column":4},"end":{"line":59,"column":6}},"24":{"start":{"line":47,"column":6},"end":{"line":58,"column":7}},"25":{"start":{"line":49,"column":10},"end":{"line":49,"column":32}},"26":{"start":{"line":51,"column":10},"end":{"line":51,"column":45}},"27":{"start":{"line":53,"column":10},"end":{"line":53,"column":26}},"28":{"start":{"line":55,"column":10},"end":{"line":55,"column":31}},"29":{"start":{"line":57,"column":10},"end":{"line":57,"column":42}},"30":{"start":{"line":61,"column":4},"end":{"line":65,"column":6}},"31":{"start":{"line":62,"column":6},"end":{"line":64,"column":54}},"32":{"start":{"line":63,"column":8},"end":{"line":63,"column":79}},"33":{"start":{"line":64,"column":20},"end":{"line":64,"column":52}},"34":{"start":{"line":67,"column":4},"end":{"line":71,"column":6}},"35":{"start":{"line":68,"column":6},"end":{"line":70,"column":67}},"36":{"start":{"line":75,"column":0},"end":{"line":75,"column":93}},"37":{"start":{"line":75,"column":43},"end":{"line":75,"column":92}}},"fnMap":{"0":{"name":"(anonymous_0)","decl":{"start":{"line":26,"column":38},"end":{"line":26,"column":39}},"loc":{"start":{"line":26,"column":50},"end":{"line":31,"column":5}},"line":26},"1":{"name":"(anonymous_1)","decl":{"start":{"line":33,"column":21},"end":{"line":33,"column":22}},"loc":{"start":{"line":33,"column":47},"end":{"line":44,"column":5}},"line":33},"2":{"name":"(anonymous_2)","decl":{"start":{"line":46,"column":22},"end":{"line":46,"column":23}},"loc":{"start":{"line":46,"column":38},"end":{"line":59,"column":5}},"line":46},"3":{"name":"(anonymous_3)","decl":{"start":{"line":61,"column":18},"end":{"line":61,"column":19}},"loc":{"start":{"line":61,"column":40},"end":{"line":65,"column":5}},"line":61},"4":{"name":"(anonymous_4)","decl":{"start":{"line":67,"column":25},"end":{"line":67,"column":26}},"loc":{"start":{"line":67,"column":61},"end":{"line":71,"column":5}},"line":67},"5":{"name":"(anonymous_5)","decl":{"start":{"line":75,"column":17},"end":{"line":75,"column":18}},"loc":{"start":{"line":75,"column":43},"end":{"line":75,"column":92}},"line":75}},"branchMap":{"0":{"loc":{"start":{"line":16,"column":10},"end":{"line":16,"column":26}},"type":"default-arg","locations":[{"start":{"line":16,"column":17},"end":{"line":16,"column":26}}],"line":16},"1":{"loc":{"start":{"line":27,"column":6},"end":{"line":30,"column":7}},"type":"if","locations":[{"start":{"line":27,"column":6},"end":{"line":30,"column":7}},{"start":{"line":27,"column":6},"end":{"line":30,"column":7}}],"line":27},"2":{"loc":{"start":{"line":34,"column":6},"end":{"line":43,"column":7}},"type":"switch","locations":[{"start":{"line":35,"column":8},"end":{"line":37,"column":61}},{"start":{"line":38,"column":8},"end":{"line":40,"column":63}},{"start":{"line":41,"column":8},"end":{"line":42,"column":43}}],"line":34},"3":{"loc":{"start":{"line":47,"column":6},"end":{"line":58,"column":7}},"type":"switch","locations":[{"start":{"line":48,"column":8},"end":{"line":49,"column":32}},{"start":{"line":50,"column":8},"end":{"line":51,"column":45}},{"start":{"line":52,"column":8},"end":{"line":53,"column":26}},{"start":{"line":54,"column":8},"end":{"line":55,"column":31}},{"start":{"line":56,"column":8},"end":{"line":57,"column":42}}],"line":47},"4":{"loc":{"start":{"line":68,"column":13},"end":{"line":70,"column":66}},"type":"cond-expr","locations":[{"start":{"line":69,"column":10},"end":{"line":69,"column":31}},{"start":{"line":70,"column":10},"end":{"line":70,"column":66}}],"line":68}},"s":{"0":1,"1":1,"2":1,"3":1,"4":1,"5":1,"6":1,"7":2,"8":1,"9":1,"10":1,"11":1,"12":1,"13":2,"14":1,"15":1,"16":1,"17":4,"18":2,"19":2,"20":1,"21":1,"22":1,"23":1,"24":8,"25":1,"26":4,"27":1,"28":1,"29":1,"30":1,"31":4,"32":4,"33":1,"34":1,"35":3,"36":1,"37":2},"f":{"0":2,"1":4,"2":8,"3":4,"4":3,"5":2},"b":{"0":[1],"1":[1,1],"2":[2,1,1],"3":[1,4,1,1,1],"4":[2,1]},"_coverageSchema":"332fd63041d2c1bcb487cc26dd0d5f7d97098a6c","hash":"c9472b7a92ad82280849117ce56fe68490a82d2a"}
,"/home/jay/codeBase/node/co-koa-core/lib/helpers/ModelFactoryHelper.js": {"path":"/home/jay/codeBase/node/co-koa-core/lib/helpers/ModelFactoryHelper.js","statementMap":{"0":{"start":{"line":3,"column":17},"end":{"line":3,"column":36}},"1":{"start":{"line":4,"column":16},"end":{"line":4,"column":34}},"2":{"start":{"line":6,"column":22},"end":{"line":6,"column":61}},"3":{"start":{"line":8,"column":27},"end":{"line":72,"column":2}},"4":{"start":{"line":11,"column":6},"end":{"line":18,"column":9}},"5":{"start":{"line":12,"column":24},"end":{"line":12,"column":43}},"6":{"start":{"line":13,"column":8},"end":{"line":17,"column":11}},"7":{"start":{"line":14,"column":10},"end":{"line":16,"column":11}},"8":{"start":{"line":15,"column":12},"end":{"line":15,"column":51}},"9":{"start":{"line":21,"column":4},"end":{"line":38,"column":6}},"10":{"start":{"line":22,"column":6},"end":{"line":37,"column":13}},"11":{"start":{"line":23,"column":8},"end":{"line":35,"column":9}},"12":{"start":{"line":26,"column":12},"end":{"line":26,"column":51}},"13":{"start":{"line":27,"column":12},"end":{"line":27,"column":18}},"14":{"start":{"line":29,"column":12},"end":{"line":29,"column":46}},"15":{"start":{"line":30,"column":12},"end":{"line":30,"column":51}},"16":{"start":{"line":31,"column":12},"end":{"line":31,"column":18}},"17":{"start":{"line":33,"column":12},"end":{"line":33,"column":45}},"18":{"start":{"line":34,"column":12},"end":{"line":34,"column":18}},"19":{"start":{"line":36,"column":8},"end":{"line":36,"column":23}},"20":{"start":{"line":40,"column":4},"end":{"line":53,"column":6}},"21":{"start":{"line":41,"column":6},"end":{"line":52,"column":8}},"22":{"start":{"line":42,"column":22},"end":{"line":42,"column":52}},"23":{"start":{"line":44,"column":10},"end":{"line":44,"column":62}},"24":{"start":{"line":46,"column":8},"end":{"line":51,"column":52}},"25":{"start":{"line":47,"column":10},"end":{"line":47,"column":75}},"26":{"start":{"line":48,"column":10},"end":{"line":48,"column":40}},"27":{"start":{"line":49,"column":10},"end":{"line":49,"column":49}},"28":{"start":{"line":50,"column":10},"end":{"line":50,"column":26}},"29":{"start":{"line":51,"column":15},"end":{"line":51,"column":52}},"30":{"start":{"line":55,"column":4},"end":{"line":70,"column":6}},"31":{"start":{"line":56,"column":6},"end":{"line":69,"column":9}},"32":{"start":{"line":57,"column":8},"end":{"line":68,"column":9}},"33":{"start":{"line":58,"column":10},"end":{"line":67,"column":11}},"34":{"start":{"line":62,"column":28},"end":{"line":62,"column":35}},"35":{"start":{"line":63,"column":14},"end":{"line":65,"column":17}},"36":{"start":{"line":64,"column":16},"end":{"line":64,"column":39}},"37":{"start":{"line":66,"column":14},"end":{"line":66,"column":63}},"38":{"start":{"line":74,"column":0},"end":{"line":74,"column":44}},"39":{"start":{"line":74,"column":23},"end":{"line":74,"column":43}}},"fnMap":{"0":{"name":"bindVirtuals","decl":{"start":{"line":10,"column":13},"end":{"line":10,"column":25}},"loc":{"start":{"line":10,"column":45},"end":{"line":19,"column":5}},"line":10},"1":{"name":"(anonymous_1)","decl":{"start":{"line":11,"column":36},"end":{"line":11,"column":37}},"loc":{"start":{"line":11,"column":43},"end":{"line":18,"column":7}},"line":11},"2":{"name":"(anonymous_2)","decl":{"start":{"line":13,"column":31},"end":{"line":13,"column":32}},"loc":{"start":{"line":13,"column":41},"end":{"line":17,"column":9}},"line":13},"3":{"name":"(anonymous_3)","decl":{"start":{"line":21,"column":35},"end":{"line":21,"column":36}},"loc":{"start":{"line":21,"column":60},"end":{"line":38,"column":5}},"line":21},"4":{"name":"(anonymous_4)","decl":{"start":{"line":22,"column":39},"end":{"line":22,"column":40}},"loc":{"start":{"line":22,"column":57},"end":{"line":37,"column":7}},"line":22},"5":{"name":"(anonymous_5)","decl":{"start":{"line":40,"column":29},"end":{"line":40,"column":30}},"loc":{"start":{"line":40,"column":45},"end":{"line":53,"column":5}},"line":40},"6":{"name":"(anonymous_6)","decl":{"start":{"line":41,"column":13},"end":{"line":41,"column":14}},"loc":{"start":{"line":41,"column":39},"end":{"line":52,"column":7}},"line":41},"7":{"name":"newType","decl":{"start":{"line":43,"column":17},"end":{"line":43,"column":24}},"loc":{"start":{"line":43,"column":40},"end":{"line":45,"column":9}},"line":43},"8":{"name":"(anonymous_8)","decl":{"start":{"line":55,"column":33},"end":{"line":55,"column":34}},"loc":{"start":{"line":55,"column":51},"end":{"line":70,"column":5}},"line":55},"9":{"name":"(anonymous_9)","decl":{"start":{"line":56,"column":36},"end":{"line":56,"column":37}},"loc":{"start":{"line":56,"column":44},"end":{"line":69,"column":7}},"line":56},"10":{"name":"(anonymous_10)","decl":{"start":{"line":63,"column":34},"end":{"line":63,"column":35}},"loc":{"start":{"line":63,"column":41},"end":{"line":65,"column":15}},"line":63},"11":{"name":"(anonymous_11)","decl":{"start":{"line":74,"column":17},"end":{"line":74,"column":18}},"loc":{"start":{"line":74,"column":23},"end":{"line":74,"column":43}},"line":74}},"branchMap":{"0":{"loc":{"start":{"line":14,"column":10},"end":{"line":16,"column":11}},"type":"if","locations":[{"start":{"line":14,"column":10},"end":{"line":16,"column":11}},{"start":{"line":14,"column":10},"end":{"line":16,"column":11}}],"line":14},"1":{"loc":{"start":{"line":23,"column":8},"end":{"line":35,"column":9}},"type":"switch","locations":[{"start":{"line":24,"column":10},"end":{"line":24,"column":23}},{"start":{"line":25,"column":10},"end":{"line":27,"column":18}},{"start":{"line":28,"column":10},"end":{"line":31,"column":18}},{"start":{"line":32,"column":10},"end":{"line":34,"column":18}}],"line":23},"2":{"loc":{"start":{"line":46,"column":8},"end":{"line":51,"column":52}},"type":"if","locations":[{"start":{"line":46,"column":8},"end":{"line":51,"column":52}},{"start":{"line":46,"column":8},"end":{"line":51,"column":52}}],"line":46},"3":{"loc":{"start":{"line":57,"column":8},"end":{"line":68,"column":9}},"type":"if","locations":[{"start":{"line":57,"column":8},"end":{"line":68,"column":9}},{"start":{"line":57,"column":8},"end":{"line":68,"column":9}}],"line":57},"4":{"loc":{"start":{"line":57,"column":12},"end":{"line":57,"column":60}},"type":"binary-expr","locations":[{"start":{"line":57,"column":12},"end":{"line":57,"column":39}},{"start":{"line":57,"column":43},"end":{"line":57,"column":60}}],"line":57},"5":{"loc":{"start":{"line":58,"column":10},"end":{"line":67,"column":11}},"type":"switch","locations":[{"start":{"line":59,"column":12},"end":{"line":59,"column":28}},{"start":{"line":60,"column":12},"end":{"line":60,"column":30}},{"start":{"line":61,"column":12},"end":{"line":66,"column":63}}],"line":58}},"s":{"0":1,"1":1,"2":1,"3":1,"4":2,"5":2,"6":2,"7":4,"8":3,"9":4,"10":2,"11":8,"12":4,"13":4,"14":2,"15":2,"16":2,"17":2,"18":2,"19":8,"20":4,"21":2,"22":2,"23":1,"24":2,"25":1,"26":1,"27":1,"28":1,"29":1,"30":4,"31":1,"32":5,"33":4,"34":4,"35":4,"36":6,"37":4,"38":1,"39":4},"f":{"0":2,"1":2,"2":4,"3":2,"4":8,"5":2,"6":2,"7":1,"8":1,"9":5,"10":6,"11":4},"b":{"0":[3,1],"1":[2,4,2,2],"2":[1,1],"3":[4,1],"4":[5,5],"5":[1,2,4]},"_coverageSchema":"332fd63041d2c1bcb487cc26dd0d5f7d97098a6c","hash":"10b19f100c254a168dc257ea3a10c9acf4ed6943"}
,"/home/jay/codeBase/node/co-koa-core/lib/helpers/resources/AssetFactory.js": {"path":"/home/jay/codeBase/node/co-koa-core/lib/helpers/resources/AssetFactory.js","statementMap":{"0":{"start":{"line":3,"column":11},"end":{"line":3,"column":24}},"1":{"start":{"line":4,"column":16},"end":{"line":4,"column":34}},"2":{"start":{"line":6,"column":21},"end":{"line":32,"column":2}},"3":{"start":{"line":9,"column":4},"end":{"line":11,"column":53}},"4":{"start":{"line":10,"column":6},"end":{"line":10,"column":74}},"5":{"start":{"line":11,"column":18},"end":{"line":11,"column":51}},"6":{"start":{"line":13,"column":24},"end":{"line":15,"column":50}},"7":{"start":{"line":17,"column":4},"end":{"line":30,"column":6}},"8":{"start":{"line":18,"column":6},"end":{"line":29,"column":9}},"9":{"start":{"line":20,"column":10},"end":{"line":24,"column":64}},"10":{"start":{"line":21,"column":25},"end":{"line":21,"column":52}},"11":{"start":{"line":22,"column":30},"end":{"line":22,"column":84}},"12":{"start":{"line":23,"column":12},"end":{"line":23,"column":71}},"13":{"start":{"line":24,"column":24},"end":{"line":24,"column":62}},"14":{"start":{"line":27,"column":10},"end":{"line":27,"column":100}},"15":{"start":{"line":34,"column":0},"end":{"line":34,"column":62}},"16":{"start":{"line":34,"column":33},"end":{"line":34,"column":61}}},"fnMap":{"0":{"name":"(anonymous_0)","decl":{"start":{"line":17,"column":17},"end":{"line":17,"column":18}},"loc":{"start":{"line":17,"column":38},"end":{"line":30,"column":5}},"line":17},"1":{"name":"(anonymous_1)","decl":{"start":{"line":34,"column":17},"end":{"line":34,"column":18}},"loc":{"start":{"line":34,"column":33},"end":{"line":34,"column":61}},"line":34}},"branchMap":{"0":{"loc":{"start":{"line":13,"column":32},"end":{"line":15,"column":49}},"type":"cond-expr","locations":[{"start":{"line":14,"column":12},"end":{"line":14,"column":48}},{"start":{"line":15,"column":12},"end":{"line":15,"column":49}}],"line":13},"1":{"loc":{"start":{"line":19,"column":27},"end":{"line":19,"column":45}},"type":"default-arg","locations":[{"start":{"line":19,"column":43},"end":{"line":19,"column":45}}],"line":19},"2":{"loc":{"start":{"line":23,"column":47},"end":{"line":23,"column":68}},"type":"binary-expr","locations":[{"start":{"line":23,"column":47},"end":{"line":23,"column":60}},{"start":{"line":23,"column":64},"end":{"line":23,"column":68}}],"line":23},"3":{"loc":{"start":{"line":26,"column":26},"end":{"line":26,"column":44}},"type":"default-arg","locations":[{"start":{"line":26,"column":42},"end":{"line":26,"column":44}}],"line":26}},"s":{"0":2,"1":2,"2":2,"3":4,"4":4,"5":2,"6":4,"7":4,"8":4,"9":4,"10":4,"11":4,"12":3,"13":1,"14":1,"15":2,"16":4},"f":{"0":4,"1":4},"b":{"0":[2,2],"1":[3],"2":[3,3],"3":[1]},"_coverageSchema":"332fd63041d2c1bcb487cc26dd0d5f7d97098a6c","hash":"b385c68b78333cc600305ef3f7e44944ac0d0d3e"}
,"/home/jay/codeBase/node/co-koa-core/lib/helpers/resources/AsyncLibrary.js": {"path":"/home/jay/codeBase/node/co-koa-core/lib/helpers/resources/AsyncLibrary.js","statementMap":{"0":{"start":{"line":3,"column":16},"end":{"line":3,"column":34}},"1":{"start":{"line":5,"column":21},"end":{"line":24,"column":2}},"2":{"start":{"line":9,"column":6},"end":{"line":14,"column":7}},"3":{"start":{"line":10,"column":8},"end":{"line":13,"column":14}},"4":{"start":{"line":12,"column":12},"end":{"line":12,"column":27}},"5":{"start":{"line":17,"column":6},"end":{"line":20,"column":11}},"6":{"start":{"line":19,"column":10},"end":{"line":19,"column":54}},"7":{"start":{"line":21,"column":6},"end":{"line":21,"column":26}},"8":{"start":{"line":26,"column":0},"end":{"line":26,"column":38}},"9":{"start":{"line":26,"column":23},"end":{"line":26,"column":37}}},"fnMap":{"0":{"name":"(anonymous_0)","decl":{"start":{"line":11,"column":20},"end":{"line":11,"column":21}},"loc":{"start":{"line":11,"column":36},"end":{"line":13,"column":11}},"line":11},"1":{"name":"(anonymous_1)","decl":{"start":{"line":18,"column":15},"end":{"line":18,"column":16}},"loc":{"start":{"line":18,"column":31},"end":{"line":20,"column":9}},"line":18},"2":{"name":"(anonymous_2)","decl":{"start":{"line":26,"column":17},"end":{"line":26,"column":18}},"loc":{"start":{"line":26,"column":23},"end":{"line":26,"column":37}},"line":26}},"branchMap":{"0":{"loc":{"start":{"line":9,"column":6},"end":{"line":14,"column":7}},"type":"if","locations":[{"start":{"line":9,"column":6},"end":{"line":14,"column":7}},{"start":{"line":9,"column":6},"end":{"line":14,"column":7}}],"line":9},"1":{"loc":{"start":{"line":9,"column":10},"end":{"line":9,"column":31}},"type":"binary-expr","locations":[{"start":{"line":9,"column":10},"end":{"line":9,"column":15}},{"start":{"line":9,"column":19},"end":{"line":9,"column":31}}],"line":9}},"s":{"0":1,"1":1,"2":3,"3":2,"4":4,"5":1,"6":2,"7":1,"8":1,"9":1},"f":{"0":4,"1":2,"2":1},"b":{"0":[2,1],"1":[3,3]},"_coverageSchema":"332fd63041d2c1bcb487cc26dd0d5f7d97098a6c","hash":"467e8c21f2acf80dc6db802f7ad7573251046abb"}
,"/home/jay/codeBase/node/co-koa-core/lib/helpers/resources/TreeAlgorithm.js": {"path":"/home/jay/codeBase/node/co-koa-core/lib/helpers/resources/TreeAlgorithm.js","statementMap":{"0":{"start":{"line":3,"column":18},"end":{"line":3,"column":45}},"1":{"start":{"line":4,"column":16},"end":{"line":4,"column":34}},"2":{"start":{"line":6,"column":22},"end":{"line":63,"column":2}},"3":{"start":{"line":8,"column":17},"end":{"line":8,"column":33}},"4":{"start":{"line":9,"column":18},"end":{"line":9,"column":20}},"5":{"start":{"line":12,"column":21},"end":{"line":12,"column":50}},"6":{"start":{"line":13,"column":6},"end":{"line":24,"column":7}},"7":{"start":{"line":14,"column":23},"end":{"line":14,"column":44}},"8":{"start":{"line":15,"column":8},"end":{"line":15,"column":67}},"9":{"start":{"line":17,"column":8},"end":{"line":22,"column":11}},"10":{"start":{"line":23,"column":8},"end":{"line":23,"column":47}},"11":{"start":{"line":28,"column":6},"end":{"line":37,"column":7}},"12":{"start":{"line":29,"column":8},"end":{"line":29,"column":44}},"13":{"start":{"line":30,"column":8},"end":{"line":30,"column":29}},"14":{"start":{"line":32,"column":8},"end":{"line":32,"column":47}},"15":{"start":{"line":33,"column":8},"end":{"line":36,"column":9}},"16":{"start":{"line":34,"column":10},"end":{"line":34,"column":22}},"17":{"start":{"line":35,"column":10},"end":{"line":35,"column":24}},"18":{"start":{"line":40,"column":4},"end":{"line":61,"column":6}},"19":{"start":{"line":41,"column":6},"end":{"line":60,"column":13}},"20":{"start":{"line":42,"column":8},"end":{"line":42,"column":30}},"21":{"start":{"line":43,"column":8},"end":{"line":43,"column":26}},"22":{"start":{"line":44,"column":8},"end":{"line":58,"column":9}},"23":{"start":{"line":45,"column":23},"end":{"line":45,"column":46}},"24":{"start":{"line":46,"column":10},"end":{"line":57,"column":11}},"25":{"start":{"line":47,"column":23},"end":{"line":47,"column":42}},"26":{"start":{"line":48,"column":12},"end":{"line":53,"column":13}},"27":{"start":{"line":49,"column":14},"end":{"line":49,"column":59}},"28":{"start":{"line":51,"column":14},"end":{"line":51,"column":28}},"29":{"start":{"line":52,"column":14},"end":{"line":52,"column":26}},"30":{"start":{"line":55,"column":12},"end":{"line":55,"column":74}},"31":{"start":{"line":56,"column":12},"end":{"line":56,"column":24}},"32":{"start":{"line":59,"column":8},"end":{"line":59,"column":21}},"33":{"start":{"line":65,"column":0},"end":{"line":65,"column":45}},"34":{"start":{"line":65,"column":25},"end":{"line":65,"column":44}}},"fnMap":{"0":{"name":"processNextItem","decl":{"start":{"line":11,"column":13},"end":{"line":11,"column":28}},"loc":{"start":{"line":11,"column":59},"end":{"line":25,"column":5}},"line":11},"1":{"name":"processObjectNode","decl":{"start":{"line":27,"column":13},"end":{"line":27,"column":30}},"loc":{"start":{"line":27,"column":73},"end":{"line":38,"column":5}},"line":27},"2":{"name":"(anonymous_2)","decl":{"start":{"line":40,"column":19},"end":{"line":40,"column":20}},"loc":{"start":{"line":40,"column":37},"end":{"line":61,"column":5}},"line":40},"3":{"name":"(anonymous_3)","decl":{"start":{"line":41,"column":31},"end":{"line":41,"column":32}},"loc":{"start":{"line":41,"column":47},"end":{"line":60,"column":7}},"line":41},"4":{"name":"(anonymous_4)","decl":{"start":{"line":65,"column":17},"end":{"line":65,"column":18}},"loc":{"start":{"line":65,"column":25},"end":{"line":65,"column":44}},"line":65}},"branchMap":{"0":{"loc":{"start":{"line":13,"column":6},"end":{"line":24,"column":7}},"type":"if","locations":[{"start":{"line":13,"column":6},"end":{"line":24,"column":7}},{"start":{"line":13,"column":6},"end":{"line":24,"column":7}}],"line":13},"1":{"loc":{"start":{"line":28,"column":6},"end":{"line":37,"column":7}},"type":"if","locations":[{"start":{"line":28,"column":6},"end":{"line":37,"column":7}},{"start":{"line":28,"column":6},"end":{"line":37,"column":7}}],"line":28},"2":{"loc":{"start":{"line":33,"column":8},"end":{"line":36,"column":9}},"type":"if","locations":[{"start":{"line":33,"column":8},"end":{"line":36,"column":9}},{"start":{"line":33,"column":8},"end":{"line":36,"column":9}}],"line":33},"3":{"loc":{"start":{"line":33,"column":12},"end":{"line":33,"column":53}},"type":"binary-expr","locations":[{"start":{"line":33,"column":12},"end":{"line":33,"column":19}},{"start":{"line":33,"column":23},"end":{"line":33,"column":53}}],"line":33},"4":{"loc":{"start":{"line":46,"column":10},"end":{"line":57,"column":11}},"type":"if","locations":[{"start":{"line":46,"column":10},"end":{"line":57,"column":11}},{"start":{"line":46,"column":10},"end":{"line":57,"column":11}}],"line":46},"5":{"loc":{"start":{"line":48,"column":12},"end":{"line":53,"column":13}},"type":"if","locations":[{"start":{"line":48,"column":12},"end":{"line":53,"column":13}},{"start":{"line":48,"column":12},"end":{"line":53,"column":13}}],"line":48}},"s":{"0":3,"1":3,"2":3,"3":2,"4":2,"5":32,"6":32,"7":20,"8":20,"9":12,"10":12,"11":20,"12":10,"13":10,"14":10,"15":10,"16":5,"17":5,"18":2,"19":2,"20":5,"21":5,"22":5,"23":42,"24":42,"25":40,"26":40,"27":32,"28":8,"29":8,"30":2,"31":2,"32":5,"33":3,"34":2},"f":{"0":32,"1":20,"2":2,"3":5,"4":2},"b":{"0":[20,12],"1":[10,10],"2":[5,5],"3":[10,10],"4":[40,2],"5":[32,8]},"_coverageSchema":"332fd63041d2c1bcb487cc26dd0d5f7d97098a6c","hash":"6d4f375283a7484ea2507fdfa53dc758901da9a8"}
}
