TN:
SF:/home/jay/codeBase/co-koa-core/src/index.js
FN:33,(anonymous_0)
FN:55,(anonymous_1)
FNF:2
FNH:2
FNDA:8,(anonymous_0)
FNDA:8,(anonymous_1)
DA:3,1
DA:4,1
DA:5,1
DA:6,1
DA:7,1
DA:9,1
DA:19,1
DA:20,1
DA:21,1
DA:22,1
DA:23,1
DA:24,1
DA:25,1
DA:27,1
DA:29,10
DA:30,10
DA:31,10
DA:33,10
DA:34,8
DA:35,8
DA:36,8
DA:37,8
DA:42,8
DA:47,8
DA:48,1
DA:53,8
DA:54,8
DA:55,8
DA:60,8
DA:65,8
DA:67,8
DA:68,8
LF:32
LH:32
BRDA:29,0,0,10
BRDA:29,0,1,1
BRDA:47,1,0,1
BRDA:47,1,1,7
BRF:4
BRH:4
end_of_record
TN:
SF:/home/jay/codeBase/co-koa-core/src/lib/Builder.js
FN:17,(anonymous_0)
FN:38,(anonymous_1)
FNF:2
FNH:2
FNDA:2,(anonymous_0)
FNDA:2,(anonymous_1)
DA:3,1
DA:4,1
DA:5,1
DA:6,1
DA:8,1
DA:11,2
DA:15,2
DA:17,2
DA:18,2
DA:19,2
DA:20,2
DA:21,2
DA:22,1
DA:24,1
DA:28,1
DA:31,1
DA:33,1
DA:38,2
LF:18
LH:18
BRDA:21,0,0,1
BRDA:21,0,1,1
BRF:2
BRH:2
end_of_record
TN:
SF:/home/jay/codeBase/co-koa-core/src/lib/ClientConfig.js
FNF:0
FNH:0
DA:3,2
DA:5,2
LF:2
LH:2
BRF:0
BRH:0
end_of_record
TN:
SF:/home/jay/codeBase/co-koa-core/src/lib/ClientConfigFactory.js
FN:12,(anonymous_0)
FN:42,(anonymous_1)
FNF:2
FNH:2
FNDA:6,(anonymous_0)
FNDA:3,(anonymous_1)
DA:3,2
DA:5,2
DA:7,2
DA:9,3
DA:10,3
DA:12,3
DA:13,6
DA:14,5
DA:15,3
DA:16,3
DA:17,2
DA:28,1
DA:30,1
DA:33,2
DA:42,3
LF:15
LH:15
BRDA:14,0,0,3
BRDA:14,0,1,2
BRDA:16,1,0,2
BRDA:16,1,1,1
BRDA:34,2,0,1
BRDA:34,2,1,1
BRF:6
BRH:6
end_of_record
TN:
SF:/home/jay/codeBase/co-koa-core/src/lib/ControllerFactory.js
FN:11,(anonymous_0)
FN:13,(anonymous_1)
FN:17,(anonymous_2)
FN:34,(anonymous_3)
FNF:4
FNH:4
FNDA:1,(anonymous_0)
FNDA:3,(anonymous_1)
FNDA:3,(anonymous_2)
FNDA:1,(anonymous_3)
DA:1,1
DA:2,1
DA:3,1
DA:5,1
DA:7,1
DA:11,1
DA:12,1
DA:14,3
DA:15,3
DA:18,3
DA:19,3
DA:20,3
DA:21,2
DA:22,2
DA:24,1
DA:26,1
DA:34,1
LF:17
LH:17
BRDA:20,0,0,2
BRDA:20,0,1,1
BRDA:21,1,0,1
BRDA:21,1,1,1
BRF:4
BRH:4
end_of_record
TN:
SF:/home/jay/codeBase/co-koa-core/src/lib/DependencyManager.js
FN:11,(anonymous_0)
FN:29,(anonymous_1)
FNF:2
FNH:2
FNDA:5,(anonymous_0)
FNDA:5,(anonymous_1)
DA:3,1
DA:5,1
DA:7,1
DA:9,5
DA:11,5
DA:12,5
DA:13,5
DA:14,3
DA:16,2
DA:17,2
DA:18,1
DA:20,2
DA:21,2
DA:25,5
DA:29,5
LF:15
LH:15
BRDA:13,0,0,3
BRDA:13,0,1,2
BRDA:14,1,0,1
BRDA:14,1,1,2
BRDA:17,2,0,1
BRDA:17,2,1,1
BRDA:17,3,0,2
BRDA:17,3,1,1
BRF:8
BRH:8
end_of_record
TN:
SF:/home/jay/codeBase/co-koa-core/src/lib/ModelFactory.js
FN:20,(anonymous_0)
FN:21,(anonymous_1)
FN:29,(anonymous_2)
FN:36,(anonymous_3)
FN:44,(anonymous_4)
FNF:5
FNH:5
FNDA:1,(anonymous_0)
FNDA:3,(anonymous_1)
FNDA:4,(anonymous_2)
FNDA:1,(anonymous_3)
FNDA:1,(anonymous_4)
DA:3,1
DA:4,1
DA:5,1
DA:7,1
DA:8,1
DA:9,1
DA:11,1
DA:13,1
DA:14,1
DA:17,1
DA:18,1
DA:20,1
DA:21,1
DA:22,3
DA:23,3
DA:24,2
DA:25,2
DA:26,2
DA:27,2
DA:28,2
DA:29,2
DA:30,4
DA:32,1
DA:36,1
DA:37,1
DA:38,1
DA:39,1
DA:44,1
LF:28
LH:28
BRDA:23,0,0,2
BRDA:23,0,1,1
BRDA:25,1,0,1
BRDA:25,1,1,1
BRDA:26,2,0,1
BRDA:26,2,1,1
BRF:6
BRH:6
end_of_record
TN:
SF:/home/jay/codeBase/co-koa-core/src/lib/PluginManager.js
FN:10,(anonymous_0)
FN:12,(anonymous_1)
FNF:2
FNH:2
FNDA:3,(anonymous_0)
FNDA:3,(anonymous_1)
DA:1,1
DA:2,1
DA:4,1
DA:6,3
DA:10,3
DA:12,3
DA:13,3
DA:14,3
DA:15,2
DA:16,1
DA:17,1
DA:18,1
DA:19,1
DA:21,2
DA:22,2
DA:25,3
LF:16
LH:16
BRDA:14,0,0,2
BRDA:14,0,1,1
BRDA:15,1,0,1
BRDA:15,1,1,1
BRF:4
BRH:4
end_of_record
TN:
SF:/home/jay/codeBase/co-koa-core/src/lib/WelcomeMessage.js
FN:8,(anonymous_0)
FN:23,(anonymous_1)
FNF:2
FNH:2
FNDA:5,(anonymous_0)
FNDA:5,(anonymous_1)
DA:3,1
DA:4,1
DA:6,1
DA:8,5
DA:9,5
DA:10,3
DA:11,3
DA:15,1
DA:18,5
DA:23,5
LF:10
LH:10
BRDA:8,0,0,1
BRDA:9,1,0,3
BRDA:9,1,1,2
BRDA:9,2,0,5
BRDA:9,2,1,4
BRF:5
BRH:5
end_of_record
TN:
SF:/home/jay/codeBase/co-koa-core/src/lib/helpers/BuilderHelper.js
FN:7,(anonymous_0)
FN:9,(anonymous_1)
FN:12,(anonymous_2)
FN:26,(anonymous_3)
FN:33,(anonymous_4)
FNF:5
FNH:5
FNDA:5,(anonymous_0)
FNDA:5,(anonymous_1)
FNDA:6,(anonymous_2)
FNDA:5,(anonymous_3)
FNDA:3,(anonymous_4)
DA:3,2
DA:5,2
DA:7,5
DA:9,3
DA:10,5
DA:11,4
DA:12,4
DA:13,6
DA:14,6
DA:15,6
DA:16,4
DA:17,4
DA:18,4
DA:20,2
DA:26,3
DA:27,5
DA:28,5
DA:33,3
LF:18
LH:18
BRDA:10,0,0,4
BRDA:10,0,1,1
BRDA:15,1,0,4
BRDA:15,1,1,2
BRDA:15,2,0,6
BRDA:15,2,1,5
BRDA:27,3,0,4
BRDA:27,3,1,1
BRF:8
BRH:8
end_of_record
TN:
SF:/home/jay/codeBase/co-koa-core/src/lib/helpers/ClientConfigFactoryHelper.js
FN:21,(anonymous_0)
FN:26,(anonymous_1)
FN:50,(anonymous_2)
FNF:3
FNH:3
FNDA:9,(anonymous_0)
FNDA:1,(anonymous_1)
FNDA:4,(anonymous_2)
DA:3,2
DA:4,2
DA:5,2
DA:6,2
DA:8,2
DA:10,4
DA:12,4
DA:13,4
DA:14,4
DA:18,4
DA:19,4
DA:21,4
DA:22,9
DA:23,9
DA:24,9
DA:25,7
DA:26,7
DA:27,2
DA:30,4
DA:32,7
DA:37,4
DA:38,4
DA:39,1
DA:42,2
DA:50,4
LF:25
LH:25
BRDA:14,0,0,3
BRDA:14,0,1,1
BRDA:24,1,0,7
BRDA:24,1,1,2
BRDA:38,2,0,3
BRDA:38,2,1,1
BRF:6
BRH:6
end_of_record
TN:
SF:/home/jay/codeBase/co-koa-core/src/lib/helpers/DependencyManagerHelper.js
FN:26,(anonymous_0)
FN:33,(anonymous_1)
FN:46,(anonymous_2)
FN:61,(anonymous_3)
FN:67,(anonymous_4)
FN:75,(anonymous_5)
FNF:6
FNH:6
FNDA:2,(anonymous_0)
FNDA:4,(anonymous_1)
FNDA:8,(anonymous_2)
FNDA:4,(anonymous_3)
FNDA:3,(anonymous_4)
FNDA:2,(anonymous_5)
DA:3,1
DA:4,1
DA:5,1
DA:7,1
DA:8,1
DA:9,1
DA:11,1
DA:17,2
DA:20,1
DA:21,1
DA:23,1
DA:24,1
DA:26,1
DA:27,2
DA:28,1
DA:29,1
DA:33,1
DA:34,4
DA:36,2
DA:37,2
DA:39,1
DA:40,1
DA:42,1
DA:46,1
DA:47,8
DA:49,1
DA:51,4
DA:53,1
DA:55,1
DA:57,1
DA:61,1
DA:62,4
DA:63,4
DA:64,1
DA:67,1
DA:68,3
DA:75,2
LF:37
LH:37
BRDA:16,0,0,1
BRDA:27,1,0,1
BRDA:27,1,1,1
BRDA:34,2,0,2
BRDA:34,2,1,1
BRDA:34,2,2,1
BRDA:47,3,0,1
BRDA:47,3,1,4
BRDA:47,3,2,1
BRDA:47,3,3,1
BRDA:47,3,4,1
BRDA:68,4,0,2
BRDA:68,4,1,1
BRF:13
BRH:13
end_of_record
TN:
SF:/home/jay/codeBase/co-koa-core/src/lib/helpers/ModelFactoryHelper.js
FN:10,bindVirtuals
FN:11,(anonymous_1)
FN:13,(anonymous_2)
FN:21,(anonymous_3)
FN:22,(anonymous_4)
FN:40,(anonymous_5)
FN:41,(anonymous_6)
FN:43,newType
FN:55,(anonymous_8)
FN:56,(anonymous_9)
FN:63,(anonymous_10)
FN:74,(anonymous_11)
FNF:12
FNH:12
FNDA:2,bindVirtuals
FNDA:2,(anonymous_1)
FNDA:4,(anonymous_2)
FNDA:2,(anonymous_3)
FNDA:8,(anonymous_4)
FNDA:2,(anonymous_5)
FNDA:2,(anonymous_6)
FNDA:1,newType
FNDA:1,(anonymous_8)
FNDA:5,(anonymous_9)
FNDA:6,(anonymous_10)
FNDA:4,(anonymous_11)
DA:3,1
DA:4,1
DA:6,1
DA:8,1
DA:11,2
DA:12,2
DA:13,2
DA:14,4
DA:15,3
DA:21,4
DA:22,2
DA:23,8
DA:26,4
DA:27,4
DA:29,2
DA:30,2
DA:31,2
DA:33,2
DA:34,2
DA:36,8
DA:40,4
DA:41,2
DA:42,2
DA:44,1
DA:46,2
DA:47,1
DA:48,1
DA:49,1
DA:50,1
DA:51,1
DA:55,4
DA:56,1
DA:57,5
DA:58,4
DA:62,4
DA:63,4
DA:64,6
DA:66,4
DA:74,4
LF:39
LH:39
BRDA:14,0,0,3
BRDA:14,0,1,1
BRDA:23,1,0,2
BRDA:23,1,1,4
BRDA:23,1,2,2
BRDA:23,1,3,2
BRDA:46,2,0,1
BRDA:46,2,1,1
BRDA:57,3,0,4
BRDA:57,3,1,1
BRDA:57,4,0,5
BRDA:57,4,1,5
BRDA:58,5,0,1
BRDA:58,5,1,2
BRDA:58,5,2,4
BRF:15
BRH:15
end_of_record
TN:
SF:/home/jay/codeBase/co-koa-core/src/lib/helpers/resources/AssetFactory.js
FN:20,(anonymous_0)
FN:37,(anonymous_1)
FNF:2
FNH:2
FNDA:4,(anonymous_0)
FNDA:4,(anonymous_1)
DA:3,2
DA:4,2
DA:6,2
DA:9,4
DA:10,4
DA:11,2
DA:13,4
DA:20,4
DA:21,4
DA:23,4
DA:24,4
DA:25,4
DA:26,3
DA:27,1
DA:30,1
DA:37,4
LF:16
LH:16
BRDA:16,0,0,2
BRDA:16,0,1,2
BRDA:22,1,0,3
BRDA:26,2,0,3
BRDA:26,2,1,3
BRDA:29,3,0,1
BRF:6
BRH:6
end_of_record
TN:
SF:/home/jay/codeBase/co-koa-core/src/lib/helpers/resources/AsyncLibrary.js
FN:11,(anonymous_0)
FN:18,(anonymous_1)
FN:26,(anonymous_2)
FNF:3
FNH:3
FNDA:4,(anonymous_0)
FNDA:2,(anonymous_1)
FNDA:1,(anonymous_2)
DA:3,1
DA:5,1
DA:9,3
DA:10,2
DA:12,4
DA:17,1
DA:19,2
DA:21,1
DA:26,1
LF:9
LH:9
BRDA:9,0,0,2
BRDA:9,0,1,1
BRDA:9,1,0,3
BRDA:9,1,1,3
BRF:4
BRH:4
end_of_record
TN:
SF:/home/jay/codeBase/co-koa-core/src/lib/helpers/resources/TreeAlgorithm.js
FN:11,processNextItem
FN:27,processObjectNode
FN:40,(anonymous_2)
FN:41,(anonymous_3)
FN:65,(anonymous_4)
FNF:5
FNH:5
FNDA:32,processNextItem
FNDA:20,processObjectNode
FNDA:2,(anonymous_2)
FNDA:5,(anonymous_3)
FNDA:2,(anonymous_4)
DA:3,3
DA:4,3
DA:6,3
DA:8,2
DA:9,2
DA:12,32
DA:13,32
DA:14,20
DA:15,20
DA:17,12
DA:23,12
DA:28,20
DA:29,10
DA:30,10
DA:32,10
DA:33,10
DA:34,5
DA:35,5
DA:40,2
DA:41,2
DA:42,5
DA:43,5
DA:44,5
DA:45,42
DA:46,42
DA:47,40
DA:48,40
DA:49,32
DA:51,8
DA:52,8
DA:55,2
DA:56,2
DA:59,5
DA:65,3
LF:34
LH:34
BRDA:13,0,0,20
BRDA:13,0,1,12
BRDA:28,1,0,10
BRDA:28,1,1,10
BRDA:33,2,0,5
BRDA:33,2,1,5
BRDA:33,3,0,10
BRDA:33,3,1,10
BRDA:46,4,0,40
BRDA:46,4,1,2
BRDA:48,5,0,32
BRDA:48,5,1,8
BRF:12
BRH:12
end_of_record
