TN:
SF:/home/jay/codeBase/co-koa-core/src/index.js
FN:31,(anonymous_0)
FN:51,(anonymous_1)
FNF:2
FNH:2
FNDA:7,(anonymous_0)
FNDA:7,(anonymous_1)
DA:3,1
DA:4,1
DA:5,1
DA:6,1
DA:7,1
DA:9,1
DA:18,1
DA:19,1
DA:20,1
DA:21,1
DA:22,1
DA:23,1
DA:25,1
DA:27,9
DA:28,9
DA:29,9
DA:31,9
DA:32,7
DA:33,7
DA:34,7
DA:35,7
DA:37,7
DA:42,7
DA:43,1
DA:49,7
DA:50,7
DA:51,7
DA:56,7
DA:61,7
DA:62,7
DA:64,7
DA:65,7
LF:32
LH:32
BRDA:27,0,0,9
BRDA:27,0,1,1
BRDA:42,1,0,1
BRDA:42,1,1,6
BRDA:69,2,0,7
BRDA:69,2,1,0
BRF:6
BRH:5
end_of_record
TN:
SF:/home/jay/codeBase/co-koa-core/src/lib/Builder.js
FN:17,(anonymous_0)
FN:38,(anonymous_1)
FNF:2
FNH:2
FNDA:2,(anonymous_0)
FNDA:2,(anonymous_1)
DA:3,1
DA:4,1
DA:5,1
DA:6,1
DA:8,1
DA:11,2
DA:15,2
DA:17,2
DA:18,2
DA:19,2
DA:20,2
DA:21,2
DA:22,1
DA:24,1
DA:28,1
DA:31,1
DA:33,1
DA:38,2
LF:18
LH:18
BRDA:21,0,0,1
BRDA:21,0,1,1
BRF:2
BRH:2
end_of_record
TN:
SF:/home/jay/codeBase/co-koa-core/src/lib/ClientConfig.js
FNF:0
FNH:0
DA:3,2
DA:5,2
LF:2
LH:2
BRF:0
BRH:0
end_of_record
TN:
SF:/home/jay/codeBase/co-koa-core/src/lib/ClientConfigFactory.js
FN:12,(anonymous_0)
FN:45,(anonymous_1)
FNF:2
FNH:2
FNDA:6,(anonymous_0)
FNDA:3,(anonymous_1)
DA:3,2
DA:5,2
DA:7,2
DA:9,3
DA:10,3
DA:12,3
DA:13,6
DA:14,5
DA:15,3
DA:16,3
DA:17,2
DA:31,1
DA:33,1
DA:36,2
DA:45,3
LF:15
LH:15
BRDA:14,0,0,3
BRDA:14,0,1,2
BRDA:16,1,0,2
BRDA:16,1,1,1
BRDA:37,2,0,1
BRDA:37,2,1,1
BRF:6
BRH:6
end_of_record
TN:
SF:/home/jay/codeBase/co-koa-core/src/lib/ControllerFactory.js
FN:11,(anonymous_0)
FN:13,(anonymous_1)
FN:17,(anonymous_2)
FN:38,(anonymous_3)
FNF:4
FNH:4
FNDA:1,(anonymous_0)
FNDA:3,(anonymous_1)
FNDA:3,(anonymous_2)
FNDA:1,(anonymous_3)
DA:1,1
DA:2,1
DA:3,1
DA:5,1
DA:7,1
DA:11,1
DA:12,1
DA:14,3
DA:15,3
DA:18,3
DA:19,3
DA:20,3
DA:22,2
DA:23,2
DA:24,2
DA:28,1
DA:30,1
DA:38,1
LF:18
LH:18
BRDA:20,0,0,2
BRDA:20,0,1,1
BRDA:22,1,0,1
BRDA:22,1,1,1
BRF:4
BRH:4
end_of_record
TN:
SF:/home/jay/codeBase/co-koa-core/src/lib/DependencyManager.js
FN:11,(anonymous_0)
FNF:1
FNH:1
FNDA:5,(anonymous_0)
DA:3,1
DA:5,1
DA:7,1
DA:9,5
DA:11,5
DA:12,5
DA:13,5
DA:14,3
DA:16,2
DA:17,2
DA:18,1
DA:20,2
DA:21,2
DA:25,5
LF:14
LH:14
BRDA:13,0,0,3
BRDA:13,0,1,2
BRDA:14,1,0,1
BRDA:14,1,1,2
BRDA:17,2,0,1
BRDA:17,2,1,1
BRDA:17,3,0,2
BRDA:17,3,1,1
BRF:8
BRH:8
end_of_record
TN:
SF:/home/jay/codeBase/co-koa-core/src/lib/PluginManager.js
FN:10,(anonymous_0)
FN:12,(anonymous_1)
FNF:2
FNH:2
FNDA:3,(anonymous_0)
FNDA:3,(anonymous_1)
DA:1,1
DA:2,1
DA:4,1
DA:6,3
DA:10,3
DA:12,3
DA:13,3
DA:14,3
DA:15,2
DA:16,1
DA:17,1
DA:18,1
DA:19,1
DA:21,2
DA:22,2
DA:25,3
LF:16
LH:16
BRDA:14,0,0,2
BRDA:14,0,1,1
BRDA:15,1,0,1
BRDA:15,1,1,1
BRF:4
BRH:4
end_of_record
TN:
SF:/home/jay/codeBase/co-koa-core/src/lib/WelcomeMessage.js
FN:8,(anonymous_0)
FN:24,(anonymous_1)
FNF:2
FNH:2
FNDA:4,(anonymous_0)
FNDA:4,(anonymous_1)
DA:3,1
DA:4,1
DA:6,1
DA:8,4
DA:9,4
DA:11,2
DA:12,2
DA:16,1
DA:19,4
DA:24,4
LF:10
LH:10
BRDA:8,0,0,1
BRDA:9,1,0,2
BRDA:9,1,1,2
BRDA:9,2,0,4
BRDA:9,2,1,2
BRF:5
BRH:5
end_of_record
TN:
SF:/home/jay/codeBase/co-koa-core/src/lib/helpers/BuilderHelper.js
FN:7,(anonymous_0)
FN:12,(anonymous_1)
FN:15,(anonymous_2)
FN:29,(anonymous_3)
FN:36,(anonymous_4)
FNF:5
FNH:5
FNDA:5,(anonymous_0)
FNDA:5,(anonymous_1)
FNDA:6,(anonymous_2)
FNDA:5,(anonymous_3)
FNDA:3,(anonymous_4)
DA:3,2
DA:5,2
DA:7,3
DA:8,5
DA:9,5
DA:12,3
DA:13,5
DA:14,4
DA:15,4
DA:16,6
DA:17,6
DA:18,6
DA:19,4
DA:20,4
DA:21,4
DA:23,2
DA:29,3
DA:30,5
DA:31,5
DA:36,3
LF:20
LH:20
BRDA:13,0,0,4
BRDA:13,0,1,1
BRDA:18,1,0,4
BRDA:18,1,1,2
BRDA:18,2,0,6
BRDA:18,2,1,5
BRDA:30,3,0,4
BRDA:30,3,1,1
BRF:8
BRH:8
end_of_record
TN:
SF:/home/jay/codeBase/co-koa-core/src/lib/helpers/ClientConfigFactoryHelper.js
FN:19,(anonymous_0)
FN:24,(anonymous_1)
FN:51,(anonymous_2)
FNF:3
FNH:3
FNDA:9,(anonymous_0)
FNDA:1,(anonymous_1)
FNDA:5,(anonymous_2)
DA:3,2
DA:4,2
DA:5,2
DA:7,2
DA:9,5
DA:11,5
DA:12,5
DA:13,5
DA:17,5
DA:19,5
DA:20,9
DA:21,9
DA:22,9
DA:23,7
DA:24,7
DA:25,2
DA:28,5
DA:30,7
DA:35,2
DA:38,4
DA:43,3
DA:51,5
LF:22
LH:22
BRDA:13,0,0,3
BRDA:13,0,1,2
BRDA:22,1,0,7
BRDA:22,1,1,2
BRDA:38,2,0,1
BRDA:38,2,1,3
BRF:6
BRH:6
end_of_record
TN:
SF:/home/jay/codeBase/co-koa-core/src/lib/helpers/DependencyManagerHelper.js
FN:26,dependencyGetter
FN:28,(anonymous_1)
FN:38,modelGetter
FN:53,(anonymous_3)
FN:66,(anonymous_4)
FN:83,(anonymous_5)
FN:89,(anonymous_6)
FNF:7
FNH:7
FNDA:9,dependencyGetter
FNDA:5,(anonymous_1)
FNDA:5,modelGetter
FNDA:12,(anonymous_3)
FNDA:9,(anonymous_4)
FNDA:5,(anonymous_5)
FNDA:3,(anonymous_6)
DA:3,1
DA:4,1
DA:6,1
DA:7,1
DA:8,1
DA:9,1
DA:11,1
DA:17,2
DA:20,2
DA:21,2
DA:23,2
DA:24,2
DA:27,9
DA:28,5
DA:29,5
DA:30,4
DA:31,4
DA:32,3
DA:33,1
DA:34,1
DA:40,5
DA:42,4
DA:43,4
DA:44,3
DA:45,2
DA:48,1
DA:50,3
DA:53,2
DA:54,12
DA:56,2
DA:57,2
DA:59,1
DA:60,1
DA:62,9
DA:66,2
DA:67,9
DA:69,1
DA:71,1
DA:73,4
DA:75,1
DA:77,1
DA:79,1
DA:83,2
DA:84,5
DA:85,5
DA:86,2
DA:89,2
DA:90,3
LF:48
LH:48
BRDA:27,0,0,5
BRDA:27,0,1,4
BRDA:29,1,0,4
BRDA:29,1,1,1
BRDA:32,2,0,2
BRDA:32,2,1,1
BRDA:32,3,0,2
BRDA:32,3,1,1
BRDA:43,4,0,3
BRDA:43,4,1,1
BRDA:43,5,0,4
BRDA:43,5,1,4
BRDA:45,6,0,1
BRDA:45,6,1,1
BRDA:54,7,0,2
BRDA:54,7,1,1
BRDA:54,7,2,9
BRDA:62,8,0,9
BRDA:62,8,1,5
BRDA:67,9,0,1
BRDA:67,9,1,1
BRDA:67,9,2,4
BRDA:67,9,3,1
BRDA:67,9,4,1
BRDA:67,9,5,1
BRDA:90,10,0,2
BRDA:90,10,1,1
BRF:27
BRH:27
end_of_record
TN:
SF:/home/jay/codeBase/co-koa-core/src/lib/helpers/resources/AssetFactory.js
FN:16,(anonymous_0)
FN:33,(anonymous_1)
FNF:2
FNH:2
FNDA:4,(anonymous_0)
FNDA:4,(anonymous_1)
DA:3,2
DA:4,2
DA:6,2
DA:9,4
DA:10,4
DA:11,2
DA:13,4
DA:16,4
DA:17,4
DA:19,4
DA:20,4
DA:21,4
DA:22,3
DA:23,1
DA:26,1
DA:33,4
LF:16
LH:16
BRDA:14,0,0,2
BRDA:14,0,1,2
BRDA:18,1,0,3
BRDA:22,2,0,3
BRDA:22,2,1,3
BRDA:25,3,0,1
BRF:6
BRH:6
end_of_record
TN:
SF:/home/jay/codeBase/co-koa-core/src/lib/helpers/resources/AsyncLibrary.js
FN:11,(anonymous_0)
FN:18,(anonymous_1)
FN:26,(anonymous_2)
FNF:3
FNH:3
FNDA:4,(anonymous_0)
FNDA:2,(anonymous_1)
FNDA:1,(anonymous_2)
DA:3,1
DA:5,1
DA:9,3
DA:10,2
DA:12,4
DA:17,1
DA:19,2
DA:21,1
DA:26,1
LF:9
LH:9
BRDA:9,0,0,2
BRDA:9,0,1,1
BRDA:9,1,0,3
BRDA:9,1,1,3
BRF:4
BRH:4
end_of_record
TN:
SF:/home/jay/codeBase/co-koa-core/src/lib/helpers/resources/TreeAlgorithm.js
FN:11,processNextItem
FN:27,processObjectNode
FN:40,(anonymous_2)
FN:41,(anonymous_3)
FN:67,(anonymous_4)
FNF:5
FNH:5
FNDA:27,processNextItem
FNDA:18,processObjectNode
FNDA:1,(anonymous_2)
FNDA:4,(anonymous_3)
FNDA:1,(anonymous_4)
DA:3,2
DA:4,2
DA:6,2
DA:8,1
DA:9,1
DA:12,27
DA:13,27
DA:14,18
DA:15,18
DA:17,9
DA:23,9
DA:28,18
DA:29,9
DA:30,9
DA:32,9
DA:33,9
DA:34,8
DA:35,8
DA:40,1
DA:41,1
DA:42,4
DA:43,4
DA:44,4
DA:45,32
DA:46,32
DA:47,31
DA:49,31
DA:50,27
DA:52,4
DA:53,4
DA:56,1
DA:57,1
DA:58,1
DA:61,4
DA:67,2
LF:35
LH:35
BRDA:13,0,0,18
BRDA:13,0,1,9
BRDA:28,1,0,9
BRDA:28,1,1,9
BRDA:33,2,0,8
BRDA:33,2,1,1
BRDA:33,3,0,9
BRDA:33,3,1,9
BRDA:46,4,0,31
BRDA:46,4,1,1
BRDA:49,5,0,27
BRDA:49,5,1,4
BRF:12
BRH:12
end_of_record
